2024-02-11 11:52:54,900 [Worker-9: Loading available Gradle versions] INFO  o.e.b.c.i.u.g.PublishedGradleVersions - Gradle version information cache is out-of-date. Trying to update.
2024-02-11 12:08:35,056 [Worker-1: Import Getting Started Content] INFO  o.e.m.c.i.l.LifecycleMappingFactory - Using org.eclipse.m2e.jdt.JarLifecycleMapping lifecycle mapping for MavenProject: com.pluralsight.springboot:tickets:0.0.1-SNAPSHOT @ E:\coding\java\workspace_spring_plural\tickets\pom.xml.
2024-02-11 12:08:39,577 [Worker-1: Import Getting Started Content] INFO  o.e.m.j.i.AbstractJavaProjectConfigurator - Adding source folder /tickets/src/main/java
2024-02-11 12:08:39,578 [Worker-1: Import Getting Started Content] INFO  o.e.m.j.i.AbstractJavaProjectConfigurator - Adding resource folder /tickets/src/main/resources
2024-02-11 12:08:39,590 [Worker-1: Import Getting Started Content] INFO  o.e.m.j.i.AbstractJavaProjectConfigurator - Adding resource folder /tickets/src/main/resources
2024-02-11 12:08:39,604 [Worker-1: Import Getting Started Content] INFO  o.e.m.j.i.AbstractJavaProjectConfigurator - Adding source folder /tickets/src/test/java
2024-02-11 12:08:39,605 [Worker-1: Import Getting Started Content] INFO  o.e.m.j.i.AbstractJavaProjectConfigurator - Adding resource folder /tickets/src/test/resources
2024-02-11 12:08:43,217 [Worker-1: Import Getting Started Content] INFO  o.e.m.c.i.p.ProjectConfigurationManager - Imported and configured 1 project(s) in 14 sec
2024-02-11 12:08:43,223 [Worker-1: Import Getting Started Content] INFO  o.e.m.c.i.p.ProjectConfigurationManager - Update started
2024-02-11 12:08:43,855 [Worker-1: Import Getting Started Content] INFO  o.e.m.c.i.l.LifecycleMappingFactory - Using org.eclipse.m2e.jdt.JarLifecycleMapping lifecycle mapping for MavenProject: com.pluralsight.springboot:tickets:0.0.1-SNAPSHOT @ E:\coding\java\workspace_spring_plural\tickets\pom.xml.
2024-02-11 12:08:44,737 [Worker-1: Import Getting Started Content] INFO  o.e.m.j.i.AbstractJavaProjectConfigurator - Adding source folder /tickets/src/main/java
2024-02-11 12:08:44,737 [Worker-1: Import Getting Started Content] INFO  o.e.m.j.i.AbstractJavaProjectConfigurator - Adding resource folder /tickets/src/main/resources
2024-02-11 12:08:44,738 [Worker-1: Import Getting Started Content] INFO  o.e.m.j.i.AbstractJavaProjectConfigurator - Adding resource folder /tickets/src/main/resources
2024-02-11 12:08:44,739 [Worker-1: Import Getting Started Content] INFO  o.e.m.j.i.AbstractJavaProjectConfigurator - Adding source folder /tickets/src/test/java
2024-02-11 12:08:44,739 [Worker-1: Import Getting Started Content] INFO  o.e.m.j.i.AbstractJavaProjectConfigurator - Adding resource folder /tickets/src/test/resources
2024-02-11 12:08:45,602 [Worker-1: Import Getting Started Content] INFO  o.e.m.c.i.p.ProjectConfigurationManager - Update completed for 1 poms: local refresh takes 0.00 sec, refresh facades takes 1.00 sec, update config takes 0.00 sec 
2024-02-11 12:08:46,708 [Worker-13: Building] INFO  o.a.m.s.f.DefaultMavenResourcesFiltering - Copying 1 resource from src\main\resources to target\classes
2024-02-11 12:08:46,734 [Worker-13: Building] INFO  o.a.m.s.f.DefaultMavenResourcesFiltering - Copying 0 resource from src\main\resources to target\classes
2024-02-11 12:08:46,741 [Worker-13: Building] INFO  o.a.m.s.f.DefaultMavenResourcesFiltering - skip non existing resourceDirectory E:\coding\java\workspace_spring_plural\tickets\src\test\resources
2024-02-11 12:15:06,724 [Worker-25: Building] INFO  o.a.m.s.f.DefaultMavenResourcesFiltering - Copying 0 resource from src\main\resources to target\classes
2024-02-11 12:15:06,725 [Worker-25: Building] INFO  o.a.m.s.f.DefaultMavenResourcesFiltering - Copying 0 resource from src\main\resources to target\classes
2024-02-11 12:15:06,728 [Worker-25: Building] INFO  o.a.m.s.f.DefaultMavenResourcesFiltering - skip non existing resourceDirectory E:\coding\java\workspace_spring_plural\tickets\src\test\resources
2024-02-11 12:15:07,870 [Worker-24: Building] INFO  o.a.m.s.f.DefaultMavenResourcesFiltering - Copying 0 resource from src\main\resources to target\classes
2024-02-11 12:15:07,871 [Worker-24: Building] INFO  o.a.m.s.f.DefaultMavenResourcesFiltering - Copying 0 resource from src\main\resources to target\classes
2024-02-11 12:15:07,874 [Worker-24: Building] INFO  o.a.m.s.f.DefaultMavenResourcesFiltering - skip non existing resourceDirectory E:\coding\java\workspace_spring_plural\tickets\src\test\resources
2024-02-11 12:15:13,905 [Worker-24: Building] INFO  o.a.m.s.f.DefaultMavenResourcesFiltering - Copying 0 resource from src\main\resources to target\classes
2024-02-11 12:15:13,906 [Worker-24: Building] INFO  o.a.m.s.f.DefaultMavenResourcesFiltering - Copying 0 resource from src\main\resources to target\classes
2024-02-11 12:15:13,909 [Worker-24: Building] INFO  o.a.m.s.f.DefaultMavenResourcesFiltering - skip non existing resourceDirectory E:\coding\java\workspace_spring_plural\tickets\src\test\resources
2024-02-11 12:16:41,707 [Worker-26: Building] INFO  o.a.m.s.f.DefaultMavenResourcesFiltering - Copying 0 resource from src\main\resources to target\classes
2024-02-11 12:16:41,708 [Worker-26: Building] INFO  o.a.m.s.f.DefaultMavenResourcesFiltering - Copying 0 resource from src\main\resources to target\classes
2024-02-11 12:16:41,711 [Worker-26: Building] INFO  o.a.m.s.f.DefaultMavenResourcesFiltering - skip non existing resourceDirectory E:\coding\java\workspace_spring_plural\tickets\src\test\resources
2024-02-11 12:16:43,834 [Worker-16: Building] INFO  o.a.m.s.f.DefaultMavenResourcesFiltering - Copying 0 resource from src\main\resources to target\classes
2024-02-11 12:16:43,835 [Worker-16: Building] INFO  o.a.m.s.f.DefaultMavenResourcesFiltering - Copying 0 resource from src\main\resources to target\classes
2024-02-11 12:16:43,837 [Worker-16: Building] INFO  o.a.m.s.f.DefaultMavenResourcesFiltering - skip non existing resourceDirectory E:\coding\java\workspace_spring_plural\tickets\src\test\resources
2024-02-11 12:17:12,259 [Worker-27: Launching New_configuration] INFO  o.eclipse.m2e.core.internal.Bundles - getClasspathEntries(Bundle=org.eclipse.m2e.maven.runtime_3.9.500.20231113-2345 [346])
2024-02-11 12:17:12,262 [Worker-27: Launching New_configuration] INFO  o.eclipse.m2e.core.internal.Bundles - 	Entry: E:\coding\java\spring_ide\sts-4.21.1.RELEASE\plugins\org.eclipse.m2e.maven.runtime_3.9.500.20231113-2345
2024-02-11 12:17:12,263 [Worker-27: Launching New_configuration] INFO  o.eclipse.m2e.core.internal.Bundles - 	Entry: E:\coding\java\spring_ide\sts-4.21.1.RELEASE\plugins\org.eclipse.m2e.maven.runtime_3.9.500.20231113-2345\jars\aopalliance-1.0.jar
2024-02-11 12:17:12,263 [Worker-27: Launching New_configuration] INFO  o.eclipse.m2e.core.internal.Bundles - 	Entry: E:\coding\java\spring_ide\sts-4.21.1.RELEASE\plugins\org.eclipse.m2e.maven.runtime_3.9.500.20231113-2345\jars\guice-5.1.0.jar
2024-02-11 12:17:12,263 [Worker-27: Launching New_configuration] INFO  o.eclipse.m2e.core.internal.Bundles - 	Entry: E:\coding\java\spring_ide\sts-4.21.1.RELEASE\plugins\org.eclipse.m2e.maven.runtime_3.9.500.20231113-2345\jars\httpclient-4.5.14.jar
2024-02-11 12:17:12,263 [Worker-27: Launching New_configuration] INFO  o.eclipse.m2e.core.internal.Bundles - 	Entry: E:\coding\java\spring_ide\sts-4.21.1.RELEASE\plugins\org.eclipse.m2e.maven.runtime_3.9.500.20231113-2345\jars\httpcore-4.4.16.jar
2024-02-11 12:17:12,263 [Worker-27: Launching New_configuration] INFO  o.eclipse.m2e.core.internal.Bundles - 	Entry: E:\coding\java\spring_ide\sts-4.21.1.RELEASE\plugins\org.eclipse.m2e.maven.runtime_3.9.500.20231113-2345\jars\jansi-2.4.0.jar
2024-02-11 12:17:12,263 [Worker-27: Launching New_configuration] INFO  o.eclipse.m2e.core.internal.Bundles - 	Entry: E:\coding\java\spring_ide\sts-4.21.1.RELEASE\plugins\org.eclipse.m2e.maven.runtime_3.9.500.20231113-2345\jars\jcl-over-slf4j-1.7.36.jar
2024-02-11 12:17:12,263 [Worker-27: Launching New_configuration] INFO  o.eclipse.m2e.core.internal.Bundles - 	Entry: E:\coding\java\spring_ide\sts-4.21.1.RELEASE\plugins\org.eclipse.m2e.maven.runtime_3.9.500.20231113-2345\jars\maven-artifact-3.9.5.jar
2024-02-11 12:17:12,264 [Worker-27: Launching New_configuration] INFO  o.eclipse.m2e.core.internal.Bundles - 	Entry: E:\coding\java\spring_ide\sts-4.21.1.RELEASE\plugins\org.eclipse.m2e.maven.runtime_3.9.500.20231113-2345\jars\maven-builder-support-3.9.5.jar
2024-02-11 12:17:12,264 [Worker-27: Launching New_configuration] INFO  o.eclipse.m2e.core.internal.Bundles - 	Entry: E:\coding\java\spring_ide\sts-4.21.1.RELEASE\plugins\org.eclipse.m2e.maven.runtime_3.9.500.20231113-2345\jars\maven-compat-3.9.5.jar
2024-02-11 12:17:12,264 [Worker-27: Launching New_configuration] INFO  o.eclipse.m2e.core.internal.Bundles - 	Entry: E:\coding\java\spring_ide\sts-4.21.1.RELEASE\plugins\org.eclipse.m2e.maven.runtime_3.9.500.20231113-2345\jars\maven-core-3.9.5.jar
2024-02-11 12:17:12,264 [Worker-27: Launching New_configuration] INFO  o.eclipse.m2e.core.internal.Bundles - 	Entry: E:\coding\java\spring_ide\sts-4.21.1.RELEASE\plugins\org.eclipse.m2e.maven.runtime_3.9.500.20231113-2345\jars\maven-embedder-3.9.5.jar
2024-02-11 12:17:12,264 [Worker-27: Launching New_configuration] INFO  o.eclipse.m2e.core.internal.Bundles - 	Entry: E:\coding\java\spring_ide\sts-4.21.1.RELEASE\plugins\org.eclipse.m2e.maven.runtime_3.9.500.20231113-2345\jars\maven-model-3.9.5.jar
2024-02-11 12:17:12,264 [Worker-27: Launching New_configuration] INFO  o.eclipse.m2e.core.internal.Bundles - 	Entry: E:\coding\java\spring_ide\sts-4.21.1.RELEASE\plugins\org.eclipse.m2e.maven.runtime_3.9.500.20231113-2345\jars\maven-model-builder-3.9.5.jar
2024-02-11 12:17:12,265 [Worker-27: Launching New_configuration] INFO  o.eclipse.m2e.core.internal.Bundles - 	Entry: E:\coding\java\spring_ide\sts-4.21.1.RELEASE\plugins\org.eclipse.m2e.maven.runtime_3.9.500.20231113-2345\jars\maven-plugin-api-3.9.5.jar
2024-02-11 12:17:12,265 [Worker-27: Launching New_configuration] INFO  o.eclipse.m2e.core.internal.Bundles - 	Entry: E:\coding\java\spring_ide\sts-4.21.1.RELEASE\plugins\org.eclipse.m2e.maven.runtime_3.9.500.20231113-2345\jars\maven-repository-metadata-3.9.5.jar
2024-02-11 12:17:12,265 [Worker-27: Launching New_configuration] INFO  o.eclipse.m2e.core.internal.Bundles - 	Entry: E:\coding\java\spring_ide\sts-4.21.1.RELEASE\plugins\org.eclipse.m2e.maven.runtime_3.9.500.20231113-2345\jars\maven-resolver-api-1.9.16.jar
2024-02-11 12:17:12,266 [Worker-27: Launching New_configuration] INFO  o.eclipse.m2e.core.internal.Bundles - 	Entry: E:\coding\java\spring_ide\sts-4.21.1.RELEASE\plugins\org.eclipse.m2e.maven.runtime_3.9.500.20231113-2345\jars\maven-resolver-connector-basic-1.9.16.jar
2024-02-11 12:17:12,266 [Worker-27: Launching New_configuration] INFO  o.eclipse.m2e.core.internal.Bundles - 	Entry: E:\coding\java\spring_ide\sts-4.21.1.RELEASE\plugins\org.eclipse.m2e.maven.runtime_3.9.500.20231113-2345\jars\maven-resolver-impl-1.9.16.jar
2024-02-11 12:17:12,266 [Worker-27: Launching New_configuration] INFO  o.eclipse.m2e.core.internal.Bundles - 	Entry: E:\coding\java\spring_ide\sts-4.21.1.RELEASE\plugins\org.eclipse.m2e.maven.runtime_3.9.500.20231113-2345\jars\maven-resolver-named-locks-1.9.16.jar
2024-02-11 12:17:12,266 [Worker-27: Launching New_configuration] INFO  o.eclipse.m2e.core.internal.Bundles - 	Entry: E:\coding\java\spring_ide\sts-4.21.1.RELEASE\plugins\org.eclipse.m2e.maven.runtime_3.9.500.20231113-2345\jars\maven-resolver-provider-3.9.5.jar
2024-02-11 12:17:12,266 [Worker-27: Launching New_configuration] INFO  o.eclipse.m2e.core.internal.Bundles - 	Entry: E:\coding\java\spring_ide\sts-4.21.1.RELEASE\plugins\org.eclipse.m2e.maven.runtime_3.9.500.20231113-2345\jars\maven-resolver-spi-1.9.16.jar
2024-02-11 12:17:12,266 [Worker-27: Launching New_configuration] INFO  o.eclipse.m2e.core.internal.Bundles - 	Entry: E:\coding\java\spring_ide\sts-4.21.1.RELEASE\plugins\org.eclipse.m2e.maven.runtime_3.9.500.20231113-2345\jars\maven-resolver-transport-file-1.9.16.jar
2024-02-11 12:17:12,267 [Worker-27: Launching New_configuration] INFO  o.eclipse.m2e.core.internal.Bundles - 	Entry: E:\coding\java\spring_ide\sts-4.21.1.RELEASE\plugins\org.eclipse.m2e.maven.runtime_3.9.500.20231113-2345\jars\maven-resolver-transport-http-1.9.16.jar
2024-02-11 12:17:12,267 [Worker-27: Launching New_configuration] INFO  o.eclipse.m2e.core.internal.Bundles - 	Entry: E:\coding\java\spring_ide\sts-4.21.1.RELEASE\plugins\org.eclipse.m2e.maven.runtime_3.9.500.20231113-2345\jars\maven-resolver-transport-wagon-1.9.16.jar
2024-02-11 12:17:12,268 [Worker-27: Launching New_configuration] INFO  o.eclipse.m2e.core.internal.Bundles - 	Entry: E:\coding\java\spring_ide\sts-4.21.1.RELEASE\plugins\org.eclipse.m2e.maven.runtime_3.9.500.20231113-2345\jars\maven-resolver-util-1.9.16.jar
2024-02-11 12:17:12,268 [Worker-27: Launching New_configuration] INFO  o.eclipse.m2e.core.internal.Bundles - 	Entry: E:\coding\java\spring_ide\sts-4.21.1.RELEASE\plugins\org.eclipse.m2e.maven.runtime_3.9.500.20231113-2345\jars\maven-settings-3.9.5.jar
2024-02-11 12:17:12,268 [Worker-27: Launching New_configuration] INFO  o.eclipse.m2e.core.internal.Bundles - 	Entry: E:\coding\java\spring_ide\sts-4.21.1.RELEASE\plugins\org.eclipse.m2e.maven.runtime_3.9.500.20231113-2345\jars\maven-settings-builder-3.9.5.jar
2024-02-11 12:17:12,268 [Worker-27: Launching New_configuration] INFO  o.eclipse.m2e.core.internal.Bundles - 	Entry: E:\coding\java\spring_ide\sts-4.21.1.RELEASE\plugins\org.eclipse.m2e.maven.runtime_3.9.500.20231113-2345\jars\maven-shared-utils-3.3.4.jar
2024-02-11 12:17:12,269 [Worker-27: Launching New_configuration] INFO  o.eclipse.m2e.core.internal.Bundles - 	Entry: E:\coding\java\spring_ide\sts-4.21.1.RELEASE\plugins\org.eclipse.m2e.maven.runtime_3.9.500.20231113-2345\jars\org.eclipse.sisu.inject-0.3.5.jar
2024-02-11 12:17:12,269 [Worker-27: Launching New_configuration] INFO  o.eclipse.m2e.core.internal.Bundles - 	Entry: E:\coding\java\spring_ide\sts-4.21.1.RELEASE\plugins\org.eclipse.m2e.maven.runtime_3.9.500.20231113-2345\jars\org.eclipse.sisu.plexus-0.3.5.jar
2024-02-11 12:17:12,269 [Worker-27: Launching New_configuration] INFO  o.eclipse.m2e.core.internal.Bundles - 	Entry: E:\coding\java\spring_ide\sts-4.21.1.RELEASE\plugins\org.eclipse.m2e.maven.runtime_3.9.500.20231113-2345\jars\plexus-build-api-0.0.7.jar
2024-02-11 12:17:12,269 [Worker-27: Launching New_configuration] INFO  o.eclipse.m2e.core.internal.Bundles - 	Entry: E:\coding\java\spring_ide\sts-4.21.1.RELEASE\plugins\org.eclipse.m2e.maven.runtime_3.9.500.20231113-2345\jars\plexus-cipher-2.0.jar
2024-02-11 12:17:12,269 [Worker-27: Launching New_configuration] INFO  o.eclipse.m2e.core.internal.Bundles - 	Entry: E:\coding\java\spring_ide\sts-4.21.1.RELEASE\plugins\org.eclipse.m2e.maven.runtime_3.9.500.20231113-2345\jars\plexus-classworlds-2.7.0.jar
2024-02-11 12:17:12,270 [Worker-27: Launching New_configuration] INFO  o.eclipse.m2e.core.internal.Bundles - 	Entry: E:\coding\java\spring_ide\sts-4.21.1.RELEASE\plugins\org.eclipse.m2e.maven.runtime_3.9.500.20231113-2345\jars\plexus-component-annotations-2.1.0.jar
2024-02-11 12:17:12,270 [Worker-27: Launching New_configuration] INFO  o.eclipse.m2e.core.internal.Bundles - 	Entry: E:\coding\java\spring_ide\sts-4.21.1.RELEASE\plugins\org.eclipse.m2e.maven.runtime_3.9.500.20231113-2345\jars\plexus-interpolation-1.26.jar
2024-02-11 12:17:12,270 [Worker-27: Launching New_configuration] INFO  o.eclipse.m2e.core.internal.Bundles - 	Entry: E:\coding\java\spring_ide\sts-4.21.1.RELEASE\plugins\org.eclipse.m2e.maven.runtime_3.9.500.20231113-2345\jars\plexus-sec-dispatcher-2.0.jar
2024-02-11 12:17:12,270 [Worker-27: Launching New_configuration] INFO  o.eclipse.m2e.core.internal.Bundles - 	Entry: E:\coding\java\spring_ide\sts-4.21.1.RELEASE\plugins\org.eclipse.m2e.maven.runtime_3.9.500.20231113-2345\jars\plexus-utils-3.5.1.jar
2024-02-11 12:17:12,270 [Worker-27: Launching New_configuration] INFO  o.eclipse.m2e.core.internal.Bundles - 	Entry: E:\coding\java\spring_ide\sts-4.21.1.RELEASE\plugins\org.eclipse.m2e.maven.runtime_3.9.500.20231113-2345\jars\wagon-file-3.5.3.jar
2024-02-11 12:17:12,270 [Worker-27: Launching New_configuration] INFO  o.eclipse.m2e.core.internal.Bundles - 	Entry: E:\coding\java\spring_ide\sts-4.21.1.RELEASE\plugins\org.eclipse.m2e.maven.runtime_3.9.500.20231113-2345\jars\wagon-http-3.5.3.jar
2024-02-11 12:17:12,270 [Worker-27: Launching New_configuration] INFO  o.eclipse.m2e.core.internal.Bundles - 	Entry: E:\coding\java\spring_ide\sts-4.21.1.RELEASE\plugins\org.eclipse.m2e.maven.runtime_3.9.500.20231113-2345\jars\wagon-http-shared-3.5.3.jar
2024-02-11 12:17:12,270 [Worker-27: Launching New_configuration] INFO  o.eclipse.m2e.core.internal.Bundles - 	Entry: E:\coding\java\spring_ide\sts-4.21.1.RELEASE\plugins\org.eclipse.m2e.maven.runtime_3.9.500.20231113-2345\jars\wagon-provider-api-3.5.3.jar
2024-02-11 12:17:12,273 [Worker-27: Launching New_configuration] INFO  o.eclipse.m2e.core.internal.Bundles - getClasspathEntries(Bundle=com.google.guava_33.0.0.jre [25])
2024-02-11 12:17:12,274 [Worker-27: Launching New_configuration] INFO  o.eclipse.m2e.core.internal.Bundles - 	Entry: E:\coding\java\spring_ide\sts-4.21.1.RELEASE\plugins\com.google.guava_33.0.0.jre.jar
2024-02-11 12:17:12,274 [Worker-27: Launching New_configuration] INFO  o.eclipse.m2e.core.internal.Bundles - getClasspathEntries(Bundle=slf4j.api_2.0.9 [573])
2024-02-11 12:17:12,274 [Worker-27: Launching New_configuration] INFO  o.eclipse.m2e.core.internal.Bundles - 	Entry: E:\coding\java\spring_ide\sts-4.21.1.RELEASE\plugins\slf4j.api_2.0.9.jar
2024-02-11 12:17:12,274 [Worker-27: Launching New_configuration] INFO  o.eclipse.m2e.core.internal.Bundles - getClasspathEntries(Bundle=jakarta.inject.jakarta.inject-api_1.0.5 [41])
2024-02-11 12:17:12,274 [Worker-27: Launching New_configuration] INFO  o.eclipse.m2e.core.internal.Bundles - 	Entry: E:\coding\java\spring_ide\sts-4.21.1.RELEASE\plugins\jakarta.inject.jakarta.inject-api_1.0.5.jar
2024-02-11 12:17:12,274 [Worker-27: Launching New_configuration] INFO  o.eclipse.m2e.core.internal.Bundles - getClasspathEntries(Bundle=jakarta.annotation-api_1.3.5 [37])
2024-02-11 12:17:12,275 [Worker-27: Launching New_configuration] INFO  o.eclipse.m2e.core.internal.Bundles - 	Entry: E:\coding\java\spring_ide\sts-4.21.1.RELEASE\plugins\jakarta.annotation-api_1.3.5.jar
2024-02-11 12:17:12,275 [Worker-27: Launching New_configuration] INFO  o.eclipse.m2e.core.internal.Bundles - getClasspathEntries(Bundle=org.apache.commons.cli_1.6.0 [71])
2024-02-11 12:17:12,275 [Worker-27: Launching New_configuration] INFO  o.eclipse.m2e.core.internal.Bundles - 	Entry: E:\coding\java\spring_ide\sts-4.21.1.RELEASE\plugins\org.apache.commons.cli_1.6.0.jar
2024-02-11 12:17:12,275 [Worker-27: Launching New_configuration] INFO  o.eclipse.m2e.core.internal.Bundles - getClasspathEntries(Bundle=org.apache.commons.commons-codec_1.16.0 [73])
2024-02-11 12:17:12,275 [Worker-27: Launching New_configuration] INFO  o.eclipse.m2e.core.internal.Bundles - 	Entry: E:\coding\java\spring_ide\sts-4.21.1.RELEASE\plugins\org.apache.commons.commons-codec_1.16.0.jar
2024-02-11 12:17:12,275 [Worker-27: Launching New_configuration] INFO  o.eclipse.m2e.core.internal.Bundles - getClasspathEntries(Bundle=org.apache.commons.lang3_3.13.0 [77])
2024-02-11 12:17:12,276 [Worker-27: Launching New_configuration] INFO  o.eclipse.m2e.core.internal.Bundles - 	Entry: E:\coding\java\spring_ide\sts-4.21.1.RELEASE\plugins\org.apache.commons.lang3_3.13.0.jar
2024-02-11 12:17:12,276 [Worker-27: Launching New_configuration] INFO  o.eclipse.m2e.core.internal.Bundles - getClasspathEntries(Bundle=com.google.guava.failureaccess_1.0.2 [27])
2024-02-11 12:17:12,276 [Worker-27: Launching New_configuration] INFO  o.eclipse.m2e.core.internal.Bundles - 	Entry: E:\coding\java\spring_ide\sts-4.21.1.RELEASE\plugins\com.google.guava.failureaccess_1.0.2.jar
2024-02-11 12:17:12,279 [Worker-27: Launching New_configuration] INFO  o.e.m.i.launch.MavenLaunchDelegate - Run build in "E:\coding\java\workspace_spring_plural\tickets\src":
2024-02-11 12:17:12,279 [Worker-27: Launching New_configuration] INFO  o.e.m.i.launch.MavenLaunchDelegate -  mvn  -B -Dstyle.color=always package
2024-02-11 12:17:55,246 [Worker-28: Launching spring_boot_web] INFO  o.eclipse.m2e.core.internal.Bundles - getClasspathEntries(Bundle=org.eclipse.m2e.maven.runtime_3.9.500.20231113-2345 [346])
2024-02-11 12:17:55,247 [Worker-28: Launching spring_boot_web] INFO  o.eclipse.m2e.core.internal.Bundles - 	Entry: E:\coding\java\spring_ide\sts-4.21.1.RELEASE\plugins\org.eclipse.m2e.maven.runtime_3.9.500.20231113-2345
2024-02-11 12:17:55,247 [Worker-28: Launching spring_boot_web] INFO  o.eclipse.m2e.core.internal.Bundles - 	Entry: E:\coding\java\spring_ide\sts-4.21.1.RELEASE\plugins\org.eclipse.m2e.maven.runtime_3.9.500.20231113-2345\jars\aopalliance-1.0.jar
2024-02-11 12:17:55,247 [Worker-28: Launching spring_boot_web] INFO  o.eclipse.m2e.core.internal.Bundles - 	Entry: E:\coding\java\spring_ide\sts-4.21.1.RELEASE\plugins\org.eclipse.m2e.maven.runtime_3.9.500.20231113-2345\jars\guice-5.1.0.jar
2024-02-11 12:17:55,247 [Worker-28: Launching spring_boot_web] INFO  o.eclipse.m2e.core.internal.Bundles - 	Entry: E:\coding\java\spring_ide\sts-4.21.1.RELEASE\plugins\org.eclipse.m2e.maven.runtime_3.9.500.20231113-2345\jars\httpclient-4.5.14.jar
2024-02-11 12:17:55,247 [Worker-28: Launching spring_boot_web] INFO  o.eclipse.m2e.core.internal.Bundles - 	Entry: E:\coding\java\spring_ide\sts-4.21.1.RELEASE\plugins\org.eclipse.m2e.maven.runtime_3.9.500.20231113-2345\jars\httpcore-4.4.16.jar
2024-02-11 12:17:55,247 [Worker-28: Launching spring_boot_web] INFO  o.eclipse.m2e.core.internal.Bundles - 	Entry: E:\coding\java\spring_ide\sts-4.21.1.RELEASE\plugins\org.eclipse.m2e.maven.runtime_3.9.500.20231113-2345\jars\jansi-2.4.0.jar
2024-02-11 12:17:55,247 [Worker-28: Launching spring_boot_web] INFO  o.eclipse.m2e.core.internal.Bundles - 	Entry: E:\coding\java\spring_ide\sts-4.21.1.RELEASE\plugins\org.eclipse.m2e.maven.runtime_3.9.500.20231113-2345\jars\jcl-over-slf4j-1.7.36.jar
2024-02-11 12:17:55,247 [Worker-28: Launching spring_boot_web] INFO  o.eclipse.m2e.core.internal.Bundles - 	Entry: E:\coding\java\spring_ide\sts-4.21.1.RELEASE\plugins\org.eclipse.m2e.maven.runtime_3.9.500.20231113-2345\jars\maven-artifact-3.9.5.jar
2024-02-11 12:17:55,248 [Worker-28: Launching spring_boot_web] INFO  o.eclipse.m2e.core.internal.Bundles - 	Entry: E:\coding\java\spring_ide\sts-4.21.1.RELEASE\plugins\org.eclipse.m2e.maven.runtime_3.9.500.20231113-2345\jars\maven-builder-support-3.9.5.jar
2024-02-11 12:17:55,248 [Worker-28: Launching spring_boot_web] INFO  o.eclipse.m2e.core.internal.Bundles - 	Entry: E:\coding\java\spring_ide\sts-4.21.1.RELEASE\plugins\org.eclipse.m2e.maven.runtime_3.9.500.20231113-2345\jars\maven-compat-3.9.5.jar
2024-02-11 12:17:55,248 [Worker-28: Launching spring_boot_web] INFO  o.eclipse.m2e.core.internal.Bundles - 	Entry: E:\coding\java\spring_ide\sts-4.21.1.RELEASE\plugins\org.eclipse.m2e.maven.runtime_3.9.500.20231113-2345\jars\maven-core-3.9.5.jar
2024-02-11 12:17:55,248 [Worker-28: Launching spring_boot_web] INFO  o.eclipse.m2e.core.internal.Bundles - 	Entry: E:\coding\java\spring_ide\sts-4.21.1.RELEASE\plugins\org.eclipse.m2e.maven.runtime_3.9.500.20231113-2345\jars\maven-embedder-3.9.5.jar
2024-02-11 12:17:55,248 [Worker-28: Launching spring_boot_web] INFO  o.eclipse.m2e.core.internal.Bundles - 	Entry: E:\coding\java\spring_ide\sts-4.21.1.RELEASE\plugins\org.eclipse.m2e.maven.runtime_3.9.500.20231113-2345\jars\maven-model-3.9.5.jar
2024-02-11 12:17:55,248 [Worker-28: Launching spring_boot_web] INFO  o.eclipse.m2e.core.internal.Bundles - 	Entry: E:\coding\java\spring_ide\sts-4.21.1.RELEASE\plugins\org.eclipse.m2e.maven.runtime_3.9.500.20231113-2345\jars\maven-model-builder-3.9.5.jar
2024-02-11 12:17:55,248 [Worker-28: Launching spring_boot_web] INFO  o.eclipse.m2e.core.internal.Bundles - 	Entry: E:\coding\java\spring_ide\sts-4.21.1.RELEASE\plugins\org.eclipse.m2e.maven.runtime_3.9.500.20231113-2345\jars\maven-plugin-api-3.9.5.jar
2024-02-11 12:17:55,248 [Worker-28: Launching spring_boot_web] INFO  o.eclipse.m2e.core.internal.Bundles - 	Entry: E:\coding\java\spring_ide\sts-4.21.1.RELEASE\plugins\org.eclipse.m2e.maven.runtime_3.9.500.20231113-2345\jars\maven-repository-metadata-3.9.5.jar
2024-02-11 12:17:55,248 [Worker-28: Launching spring_boot_web] INFO  o.eclipse.m2e.core.internal.Bundles - 	Entry: E:\coding\java\spring_ide\sts-4.21.1.RELEASE\plugins\org.eclipse.m2e.maven.runtime_3.9.500.20231113-2345\jars\maven-resolver-api-1.9.16.jar
2024-02-11 12:17:55,249 [Worker-28: Launching spring_boot_web] INFO  o.eclipse.m2e.core.internal.Bundles - 	Entry: E:\coding\java\spring_ide\sts-4.21.1.RELEASE\plugins\org.eclipse.m2e.maven.runtime_3.9.500.20231113-2345\jars\maven-resolver-connector-basic-1.9.16.jar
2024-02-11 12:17:55,249 [Worker-28: Launching spring_boot_web] INFO  o.eclipse.m2e.core.internal.Bundles - 	Entry: E:\coding\java\spring_ide\sts-4.21.1.RELEASE\plugins\org.eclipse.m2e.maven.runtime_3.9.500.20231113-2345\jars\maven-resolver-impl-1.9.16.jar
2024-02-11 12:17:55,249 [Worker-28: Launching spring_boot_web] INFO  o.eclipse.m2e.core.internal.Bundles - 	Entry: E:\coding\java\spring_ide\sts-4.21.1.RELEASE\plugins\org.eclipse.m2e.maven.runtime_3.9.500.20231113-2345\jars\maven-resolver-named-locks-1.9.16.jar
2024-02-11 12:17:55,249 [Worker-28: Launching spring_boot_web] INFO  o.eclipse.m2e.core.internal.Bundles - 	Entry: E:\coding\java\spring_ide\sts-4.21.1.RELEASE\plugins\org.eclipse.m2e.maven.runtime_3.9.500.20231113-2345\jars\maven-resolver-provider-3.9.5.jar
2024-02-11 12:17:55,249 [Worker-28: Launching spring_boot_web] INFO  o.eclipse.m2e.core.internal.Bundles - 	Entry: E:\coding\java\spring_ide\sts-4.21.1.RELEASE\plugins\org.eclipse.m2e.maven.runtime_3.9.500.20231113-2345\jars\maven-resolver-spi-1.9.16.jar
2024-02-11 12:17:55,249 [Worker-28: Launching spring_boot_web] INFO  o.eclipse.m2e.core.internal.Bundles - 	Entry: E:\coding\java\spring_ide\sts-4.21.1.RELEASE\plugins\org.eclipse.m2e.maven.runtime_3.9.500.20231113-2345\jars\maven-resolver-transport-file-1.9.16.jar
2024-02-11 12:17:55,249 [Worker-28: Launching spring_boot_web] INFO  o.eclipse.m2e.core.internal.Bundles - 	Entry: E:\coding\java\spring_ide\sts-4.21.1.RELEASE\plugins\org.eclipse.m2e.maven.runtime_3.9.500.20231113-2345\jars\maven-resolver-transport-http-1.9.16.jar
2024-02-11 12:17:55,249 [Worker-28: Launching spring_boot_web] INFO  o.eclipse.m2e.core.internal.Bundles - 	Entry: E:\coding\java\spring_ide\sts-4.21.1.RELEASE\plugins\org.eclipse.m2e.maven.runtime_3.9.500.20231113-2345\jars\maven-resolver-transport-wagon-1.9.16.jar
2024-02-11 12:17:55,249 [Worker-28: Launching spring_boot_web] INFO  o.eclipse.m2e.core.internal.Bundles - 	Entry: E:\coding\java\spring_ide\sts-4.21.1.RELEASE\plugins\org.eclipse.m2e.maven.runtime_3.9.500.20231113-2345\jars\maven-resolver-util-1.9.16.jar
2024-02-11 12:17:55,250 [Worker-28: Launching spring_boot_web] INFO  o.eclipse.m2e.core.internal.Bundles - 	Entry: E:\coding\java\spring_ide\sts-4.21.1.RELEASE\plugins\org.eclipse.m2e.maven.runtime_3.9.500.20231113-2345\jars\maven-settings-3.9.5.jar
2024-02-11 12:17:55,250 [Worker-28: Launching spring_boot_web] INFO  o.eclipse.m2e.core.internal.Bundles - 	Entry: E:\coding\java\spring_ide\sts-4.21.1.RELEASE\plugins\org.eclipse.m2e.maven.runtime_3.9.500.20231113-2345\jars\maven-settings-builder-3.9.5.jar
2024-02-11 12:17:55,250 [Worker-28: Launching spring_boot_web] INFO  o.eclipse.m2e.core.internal.Bundles - 	Entry: E:\coding\java\spring_ide\sts-4.21.1.RELEASE\plugins\org.eclipse.m2e.maven.runtime_3.9.500.20231113-2345\jars\maven-shared-utils-3.3.4.jar
2024-02-11 12:17:55,250 [Worker-28: Launching spring_boot_web] INFO  o.eclipse.m2e.core.internal.Bundles - 	Entry: E:\coding\java\spring_ide\sts-4.21.1.RELEASE\plugins\org.eclipse.m2e.maven.runtime_3.9.500.20231113-2345\jars\org.eclipse.sisu.inject-0.3.5.jar
2024-02-11 12:17:55,250 [Worker-28: Launching spring_boot_web] INFO  o.eclipse.m2e.core.internal.Bundles - 	Entry: E:\coding\java\spring_ide\sts-4.21.1.RELEASE\plugins\org.eclipse.m2e.maven.runtime_3.9.500.20231113-2345\jars\org.eclipse.sisu.plexus-0.3.5.jar
2024-02-11 12:17:55,250 [Worker-28: Launching spring_boot_web] INFO  o.eclipse.m2e.core.internal.Bundles - 	Entry: E:\coding\java\spring_ide\sts-4.21.1.RELEASE\plugins\org.eclipse.m2e.maven.runtime_3.9.500.20231113-2345\jars\plexus-build-api-0.0.7.jar
2024-02-11 12:17:55,250 [Worker-28: Launching spring_boot_web] INFO  o.eclipse.m2e.core.internal.Bundles - 	Entry: E:\coding\java\spring_ide\sts-4.21.1.RELEASE\plugins\org.eclipse.m2e.maven.runtime_3.9.500.20231113-2345\jars\plexus-cipher-2.0.jar
2024-02-11 12:17:55,250 [Worker-28: Launching spring_boot_web] INFO  o.eclipse.m2e.core.internal.Bundles - 	Entry: E:\coding\java\spring_ide\sts-4.21.1.RELEASE\plugins\org.eclipse.m2e.maven.runtime_3.9.500.20231113-2345\jars\plexus-classworlds-2.7.0.jar
2024-02-11 12:17:55,250 [Worker-28: Launching spring_boot_web] INFO  o.eclipse.m2e.core.internal.Bundles - 	Entry: E:\coding\java\spring_ide\sts-4.21.1.RELEASE\plugins\org.eclipse.m2e.maven.runtime_3.9.500.20231113-2345\jars\plexus-component-annotations-2.1.0.jar
2024-02-11 12:17:55,251 [Worker-28: Launching spring_boot_web] INFO  o.eclipse.m2e.core.internal.Bundles - 	Entry: E:\coding\java\spring_ide\sts-4.21.1.RELEASE\plugins\org.eclipse.m2e.maven.runtime_3.9.500.20231113-2345\jars\plexus-interpolation-1.26.jar
2024-02-11 12:17:55,251 [Worker-28: Launching spring_boot_web] INFO  o.eclipse.m2e.core.internal.Bundles - 	Entry: E:\coding\java\spring_ide\sts-4.21.1.RELEASE\plugins\org.eclipse.m2e.maven.runtime_3.9.500.20231113-2345\jars\plexus-sec-dispatcher-2.0.jar
2024-02-11 12:17:55,251 [Worker-28: Launching spring_boot_web] INFO  o.eclipse.m2e.core.internal.Bundles - 	Entry: E:\coding\java\spring_ide\sts-4.21.1.RELEASE\plugins\org.eclipse.m2e.maven.runtime_3.9.500.20231113-2345\jars\plexus-utils-3.5.1.jar
2024-02-11 12:17:55,251 [Worker-28: Launching spring_boot_web] INFO  o.eclipse.m2e.core.internal.Bundles - 	Entry: E:\coding\java\spring_ide\sts-4.21.1.RELEASE\plugins\org.eclipse.m2e.maven.runtime_3.9.500.20231113-2345\jars\wagon-file-3.5.3.jar
2024-02-11 12:17:55,251 [Worker-28: Launching spring_boot_web] INFO  o.eclipse.m2e.core.internal.Bundles - 	Entry: E:\coding\java\spring_ide\sts-4.21.1.RELEASE\plugins\org.eclipse.m2e.maven.runtime_3.9.500.20231113-2345\jars\wagon-http-3.5.3.jar
2024-02-11 12:17:55,251 [Worker-28: Launching spring_boot_web] INFO  o.eclipse.m2e.core.internal.Bundles - 	Entry: E:\coding\java\spring_ide\sts-4.21.1.RELEASE\plugins\org.eclipse.m2e.maven.runtime_3.9.500.20231113-2345\jars\wagon-http-shared-3.5.3.jar
2024-02-11 12:17:55,251 [Worker-28: Launching spring_boot_web] INFO  o.eclipse.m2e.core.internal.Bundles - 	Entry: E:\coding\java\spring_ide\sts-4.21.1.RELEASE\plugins\org.eclipse.m2e.maven.runtime_3.9.500.20231113-2345\jars\wagon-provider-api-3.5.3.jar
2024-02-11 12:17:55,252 [Worker-28: Launching spring_boot_web] INFO  o.eclipse.m2e.core.internal.Bundles - getClasspathEntries(Bundle=com.google.guava_33.0.0.jre [25])
2024-02-11 12:17:55,252 [Worker-28: Launching spring_boot_web] INFO  o.eclipse.m2e.core.internal.Bundles - 	Entry: E:\coding\java\spring_ide\sts-4.21.1.RELEASE\plugins\com.google.guava_33.0.0.jre.jar
2024-02-11 12:17:55,252 [Worker-28: Launching spring_boot_web] INFO  o.eclipse.m2e.core.internal.Bundles - getClasspathEntries(Bundle=slf4j.api_2.0.9 [573])
2024-02-11 12:17:55,252 [Worker-28: Launching spring_boot_web] INFO  o.eclipse.m2e.core.internal.Bundles - 	Entry: E:\coding\java\spring_ide\sts-4.21.1.RELEASE\plugins\slf4j.api_2.0.9.jar
2024-02-11 12:17:55,252 [Worker-28: Launching spring_boot_web] INFO  o.eclipse.m2e.core.internal.Bundles - getClasspathEntries(Bundle=jakarta.inject.jakarta.inject-api_1.0.5 [41])
2024-02-11 12:17:55,253 [Worker-28: Launching spring_boot_web] INFO  o.eclipse.m2e.core.internal.Bundles - 	Entry: E:\coding\java\spring_ide\sts-4.21.1.RELEASE\plugins\jakarta.inject.jakarta.inject-api_1.0.5.jar
2024-02-11 12:17:55,253 [Worker-28: Launching spring_boot_web] INFO  o.eclipse.m2e.core.internal.Bundles - getClasspathEntries(Bundle=jakarta.annotation-api_1.3.5 [37])
2024-02-11 12:17:55,253 [Worker-28: Launching spring_boot_web] INFO  o.eclipse.m2e.core.internal.Bundles - 	Entry: E:\coding\java\spring_ide\sts-4.21.1.RELEASE\plugins\jakarta.annotation-api_1.3.5.jar
2024-02-11 12:17:55,253 [Worker-28: Launching spring_boot_web] INFO  o.eclipse.m2e.core.internal.Bundles - getClasspathEntries(Bundle=org.apache.commons.cli_1.6.0 [71])
2024-02-11 12:17:55,254 [Worker-28: Launching spring_boot_web] INFO  o.eclipse.m2e.core.internal.Bundles - 	Entry: E:\coding\java\spring_ide\sts-4.21.1.RELEASE\plugins\org.apache.commons.cli_1.6.0.jar
2024-02-11 12:17:55,254 [Worker-28: Launching spring_boot_web] INFO  o.eclipse.m2e.core.internal.Bundles - getClasspathEntries(Bundle=org.apache.commons.commons-codec_1.16.0 [73])
2024-02-11 12:17:55,254 [Worker-28: Launching spring_boot_web] INFO  o.eclipse.m2e.core.internal.Bundles - 	Entry: E:\coding\java\spring_ide\sts-4.21.1.RELEASE\plugins\org.apache.commons.commons-codec_1.16.0.jar
2024-02-11 12:17:55,254 [Worker-28: Launching spring_boot_web] INFO  o.eclipse.m2e.core.internal.Bundles - getClasspathEntries(Bundle=org.apache.commons.lang3_3.13.0 [77])
2024-02-11 12:17:55,254 [Worker-28: Launching spring_boot_web] INFO  o.eclipse.m2e.core.internal.Bundles - 	Entry: E:\coding\java\spring_ide\sts-4.21.1.RELEASE\plugins\org.apache.commons.lang3_3.13.0.jar
2024-02-11 12:17:55,254 [Worker-28: Launching spring_boot_web] INFO  o.eclipse.m2e.core.internal.Bundles - getClasspathEntries(Bundle=com.google.guava.failureaccess_1.0.2 [27])
2024-02-11 12:17:55,255 [Worker-28: Launching spring_boot_web] INFO  o.eclipse.m2e.core.internal.Bundles - 	Entry: E:\coding\java\spring_ide\sts-4.21.1.RELEASE\plugins\com.google.guava.failureaccess_1.0.2.jar
2024-02-11 12:17:55,256 [Worker-28: Launching spring_boot_web] INFO  o.e.m.i.launch.MavenLaunchDelegate - Run build in "E:\coding\java\workspace_spring_plural\tickets":
2024-02-11 12:17:55,256 [Worker-28: Launching spring_boot_web] INFO  o.e.m.i.launch.MavenLaunchDelegate -  mvn  -B -Dstyle.color=always package
2024-02-12 09:55:01,888 [Worker-47: Launching spring_boot_web] INFO  o.eclipse.m2e.core.internal.Bundles - getClasspathEntries(Bundle=org.eclipse.m2e.maven.runtime_3.9.500.20231113-2345 [346])
2024-02-12 09:55:01,888 [Worker-47: Launching spring_boot_web] INFO  o.eclipse.m2e.core.internal.Bundles - 	Entry: E:\coding\java\spring_ide\sts-4.21.1.RELEASE\plugins\org.eclipse.m2e.maven.runtime_3.9.500.20231113-2345
2024-02-12 09:55:01,888 [Worker-47: Launching spring_boot_web] INFO  o.eclipse.m2e.core.internal.Bundles - 	Entry: E:\coding\java\spring_ide\sts-4.21.1.RELEASE\plugins\org.eclipse.m2e.maven.runtime_3.9.500.20231113-2345\jars\aopalliance-1.0.jar
2024-02-12 09:55:01,888 [Worker-47: Launching spring_boot_web] INFO  o.eclipse.m2e.core.internal.Bundles - 	Entry: E:\coding\java\spring_ide\sts-4.21.1.RELEASE\plugins\org.eclipse.m2e.maven.runtime_3.9.500.20231113-2345\jars\guice-5.1.0.jar
2024-02-12 09:55:01,889 [Worker-47: Launching spring_boot_web] INFO  o.eclipse.m2e.core.internal.Bundles - 	Entry: E:\coding\java\spring_ide\sts-4.21.1.RELEASE\plugins\org.eclipse.m2e.maven.runtime_3.9.500.20231113-2345\jars\httpclient-4.5.14.jar
2024-02-12 09:55:01,889 [Worker-47: Launching spring_boot_web] INFO  o.eclipse.m2e.core.internal.Bundles - 	Entry: E:\coding\java\spring_ide\sts-4.21.1.RELEASE\plugins\org.eclipse.m2e.maven.runtime_3.9.500.20231113-2345\jars\httpcore-4.4.16.jar
2024-02-12 09:55:01,890 [Worker-47: Launching spring_boot_web] INFO  o.eclipse.m2e.core.internal.Bundles - 	Entry: E:\coding\java\spring_ide\sts-4.21.1.RELEASE\plugins\org.eclipse.m2e.maven.runtime_3.9.500.20231113-2345\jars\jansi-2.4.0.jar
2024-02-12 09:55:01,890 [Worker-47: Launching spring_boot_web] INFO  o.eclipse.m2e.core.internal.Bundles - 	Entry: E:\coding\java\spring_ide\sts-4.21.1.RELEASE\plugins\org.eclipse.m2e.maven.runtime_3.9.500.20231113-2345\jars\jcl-over-slf4j-1.7.36.jar
2024-02-12 09:55:01,890 [Worker-47: Launching spring_boot_web] INFO  o.eclipse.m2e.core.internal.Bundles - 	Entry: E:\coding\java\spring_ide\sts-4.21.1.RELEASE\plugins\org.eclipse.m2e.maven.runtime_3.9.500.20231113-2345\jars\maven-artifact-3.9.5.jar
2024-02-12 09:55:01,890 [Worker-47: Launching spring_boot_web] INFO  o.eclipse.m2e.core.internal.Bundles - 	Entry: E:\coding\java\spring_ide\sts-4.21.1.RELEASE\plugins\org.eclipse.m2e.maven.runtime_3.9.500.20231113-2345\jars\maven-builder-support-3.9.5.jar
2024-02-12 09:55:01,891 [Worker-47: Launching spring_boot_web] INFO  o.eclipse.m2e.core.internal.Bundles - 	Entry: E:\coding\java\spring_ide\sts-4.21.1.RELEASE\plugins\org.eclipse.m2e.maven.runtime_3.9.500.20231113-2345\jars\maven-compat-3.9.5.jar
2024-02-12 09:55:01,891 [Worker-47: Launching spring_boot_web] INFO  o.eclipse.m2e.core.internal.Bundles - 	Entry: E:\coding\java\spring_ide\sts-4.21.1.RELEASE\plugins\org.eclipse.m2e.maven.runtime_3.9.500.20231113-2345\jars\maven-core-3.9.5.jar
2024-02-12 09:55:01,891 [Worker-47: Launching spring_boot_web] INFO  o.eclipse.m2e.core.internal.Bundles - 	Entry: E:\coding\java\spring_ide\sts-4.21.1.RELEASE\plugins\org.eclipse.m2e.maven.runtime_3.9.500.20231113-2345\jars\maven-embedder-3.9.5.jar
2024-02-12 09:55:01,891 [Worker-47: Launching spring_boot_web] INFO  o.eclipse.m2e.core.internal.Bundles - 	Entry: E:\coding\java\spring_ide\sts-4.21.1.RELEASE\plugins\org.eclipse.m2e.maven.runtime_3.9.500.20231113-2345\jars\maven-model-3.9.5.jar
2024-02-12 09:55:01,892 [Worker-47: Launching spring_boot_web] INFO  o.eclipse.m2e.core.internal.Bundles - 	Entry: E:\coding\java\spring_ide\sts-4.21.1.RELEASE\plugins\org.eclipse.m2e.maven.runtime_3.9.500.20231113-2345\jars\maven-model-builder-3.9.5.jar
2024-02-12 09:55:01,892 [Worker-47: Launching spring_boot_web] INFO  o.eclipse.m2e.core.internal.Bundles - 	Entry: E:\coding\java\spring_ide\sts-4.21.1.RELEASE\plugins\org.eclipse.m2e.maven.runtime_3.9.500.20231113-2345\jars\maven-plugin-api-3.9.5.jar
2024-02-12 09:55:01,892 [Worker-47: Launching spring_boot_web] INFO  o.eclipse.m2e.core.internal.Bundles - 	Entry: E:\coding\java\spring_ide\sts-4.21.1.RELEASE\plugins\org.eclipse.m2e.maven.runtime_3.9.500.20231113-2345\jars\maven-repository-metadata-3.9.5.jar
2024-02-12 09:55:01,892 [Worker-47: Launching spring_boot_web] INFO  o.eclipse.m2e.core.internal.Bundles - 	Entry: E:\coding\java\spring_ide\sts-4.21.1.RELEASE\plugins\org.eclipse.m2e.maven.runtime_3.9.500.20231113-2345\jars\maven-resolver-api-1.9.16.jar
2024-02-12 09:55:01,892 [Worker-47: Launching spring_boot_web] INFO  o.eclipse.m2e.core.internal.Bundles - 	Entry: E:\coding\java\spring_ide\sts-4.21.1.RELEASE\plugins\org.eclipse.m2e.maven.runtime_3.9.500.20231113-2345\jars\maven-resolver-connector-basic-1.9.16.jar
2024-02-12 09:55:01,892 [Worker-47: Launching spring_boot_web] INFO  o.eclipse.m2e.core.internal.Bundles - 	Entry: E:\coding\java\spring_ide\sts-4.21.1.RELEASE\plugins\org.eclipse.m2e.maven.runtime_3.9.500.20231113-2345\jars\maven-resolver-impl-1.9.16.jar
2024-02-12 09:55:01,892 [Worker-47: Launching spring_boot_web] INFO  o.eclipse.m2e.core.internal.Bundles - 	Entry: E:\coding\java\spring_ide\sts-4.21.1.RELEASE\plugins\org.eclipse.m2e.maven.runtime_3.9.500.20231113-2345\jars\maven-resolver-named-locks-1.9.16.jar
2024-02-12 09:55:01,893 [Worker-47: Launching spring_boot_web] INFO  o.eclipse.m2e.core.internal.Bundles - 	Entry: E:\coding\java\spring_ide\sts-4.21.1.RELEASE\plugins\org.eclipse.m2e.maven.runtime_3.9.500.20231113-2345\jars\maven-resolver-provider-3.9.5.jar
2024-02-12 09:55:01,893 [Worker-47: Launching spring_boot_web] INFO  o.eclipse.m2e.core.internal.Bundles - 	Entry: E:\coding\java\spring_ide\sts-4.21.1.RELEASE\plugins\org.eclipse.m2e.maven.runtime_3.9.500.20231113-2345\jars\maven-resolver-spi-1.9.16.jar
2024-02-12 09:55:01,893 [Worker-47: Launching spring_boot_web] INFO  o.eclipse.m2e.core.internal.Bundles - 	Entry: E:\coding\java\spring_ide\sts-4.21.1.RELEASE\plugins\org.eclipse.m2e.maven.runtime_3.9.500.20231113-2345\jars\maven-resolver-transport-file-1.9.16.jar
2024-02-12 09:55:01,893 [Worker-47: Launching spring_boot_web] INFO  o.eclipse.m2e.core.internal.Bundles - 	Entry: E:\coding\java\spring_ide\sts-4.21.1.RELEASE\plugins\org.eclipse.m2e.maven.runtime_3.9.500.20231113-2345\jars\maven-resolver-transport-http-1.9.16.jar
2024-02-12 09:55:01,893 [Worker-47: Launching spring_boot_web] INFO  o.eclipse.m2e.core.internal.Bundles - 	Entry: E:\coding\java\spring_ide\sts-4.21.1.RELEASE\plugins\org.eclipse.m2e.maven.runtime_3.9.500.20231113-2345\jars\maven-resolver-transport-wagon-1.9.16.jar
2024-02-12 09:55:01,893 [Worker-47: Launching spring_boot_web] INFO  o.eclipse.m2e.core.internal.Bundles - 	Entry: E:\coding\java\spring_ide\sts-4.21.1.RELEASE\plugins\org.eclipse.m2e.maven.runtime_3.9.500.20231113-2345\jars\maven-resolver-util-1.9.16.jar
2024-02-12 09:55:01,893 [Worker-47: Launching spring_boot_web] INFO  o.eclipse.m2e.core.internal.Bundles - 	Entry: E:\coding\java\spring_ide\sts-4.21.1.RELEASE\plugins\org.eclipse.m2e.maven.runtime_3.9.500.20231113-2345\jars\maven-settings-3.9.5.jar
2024-02-12 09:55:01,893 [Worker-47: Launching spring_boot_web] INFO  o.eclipse.m2e.core.internal.Bundles - 	Entry: E:\coding\java\spring_ide\sts-4.21.1.RELEASE\plugins\org.eclipse.m2e.maven.runtime_3.9.500.20231113-2345\jars\maven-settings-builder-3.9.5.jar
2024-02-12 09:55:01,894 [Worker-47: Launching spring_boot_web] INFO  o.eclipse.m2e.core.internal.Bundles - 	Entry: E:\coding\java\spring_ide\sts-4.21.1.RELEASE\plugins\org.eclipse.m2e.maven.runtime_3.9.500.20231113-2345\jars\maven-shared-utils-3.3.4.jar
2024-02-12 09:55:01,894 [Worker-47: Launching spring_boot_web] INFO  o.eclipse.m2e.core.internal.Bundles - 	Entry: E:\coding\java\spring_ide\sts-4.21.1.RELEASE\plugins\org.eclipse.m2e.maven.runtime_3.9.500.20231113-2345\jars\org.eclipse.sisu.inject-0.3.5.jar
2024-02-12 09:55:01,894 [Worker-47: Launching spring_boot_web] INFO  o.eclipse.m2e.core.internal.Bundles - 	Entry: E:\coding\java\spring_ide\sts-4.21.1.RELEASE\plugins\org.eclipse.m2e.maven.runtime_3.9.500.20231113-2345\jars\org.eclipse.sisu.plexus-0.3.5.jar
2024-02-12 09:55:01,894 [Worker-47: Launching spring_boot_web] INFO  o.eclipse.m2e.core.internal.Bundles - 	Entry: E:\coding\java\spring_ide\sts-4.21.1.RELEASE\plugins\org.eclipse.m2e.maven.runtime_3.9.500.20231113-2345\jars\plexus-build-api-0.0.7.jar
2024-02-12 09:55:01,894 [Worker-47: Launching spring_boot_web] INFO  o.eclipse.m2e.core.internal.Bundles - 	Entry: E:\coding\java\spring_ide\sts-4.21.1.RELEASE\plugins\org.eclipse.m2e.maven.runtime_3.9.500.20231113-2345\jars\plexus-cipher-2.0.jar
2024-02-12 09:55:01,894 [Worker-47: Launching spring_boot_web] INFO  o.eclipse.m2e.core.internal.Bundles - 	Entry: E:\coding\java\spring_ide\sts-4.21.1.RELEASE\plugins\org.eclipse.m2e.maven.runtime_3.9.500.20231113-2345\jars\plexus-classworlds-2.7.0.jar
2024-02-12 09:55:01,894 [Worker-47: Launching spring_boot_web] INFO  o.eclipse.m2e.core.internal.Bundles - 	Entry: E:\coding\java\spring_ide\sts-4.21.1.RELEASE\plugins\org.eclipse.m2e.maven.runtime_3.9.500.20231113-2345\jars\plexus-component-annotations-2.1.0.jar
2024-02-12 09:55:01,894 [Worker-47: Launching spring_boot_web] INFO  o.eclipse.m2e.core.internal.Bundles - 	Entry: E:\coding\java\spring_ide\sts-4.21.1.RELEASE\plugins\org.eclipse.m2e.maven.runtime_3.9.500.20231113-2345\jars\plexus-interpolation-1.26.jar
2024-02-12 09:55:01,894 [Worker-47: Launching spring_boot_web] INFO  o.eclipse.m2e.core.internal.Bundles - 	Entry: E:\coding\java\spring_ide\sts-4.21.1.RELEASE\plugins\org.eclipse.m2e.maven.runtime_3.9.500.20231113-2345\jars\plexus-sec-dispatcher-2.0.jar
2024-02-12 09:55:01,895 [Worker-47: Launching spring_boot_web] INFO  o.eclipse.m2e.core.internal.Bundles - 	Entry: E:\coding\java\spring_ide\sts-4.21.1.RELEASE\plugins\org.eclipse.m2e.maven.runtime_3.9.500.20231113-2345\jars\plexus-utils-3.5.1.jar
2024-02-12 09:55:01,895 [Worker-47: Launching spring_boot_web] INFO  o.eclipse.m2e.core.internal.Bundles - 	Entry: E:\coding\java\spring_ide\sts-4.21.1.RELEASE\plugins\org.eclipse.m2e.maven.runtime_3.9.500.20231113-2345\jars\wagon-file-3.5.3.jar
2024-02-12 09:55:01,895 [Worker-47: Launching spring_boot_web] INFO  o.eclipse.m2e.core.internal.Bundles - 	Entry: E:\coding\java\spring_ide\sts-4.21.1.RELEASE\plugins\org.eclipse.m2e.maven.runtime_3.9.500.20231113-2345\jars\wagon-http-3.5.3.jar
2024-02-12 09:55:01,895 [Worker-47: Launching spring_boot_web] INFO  o.eclipse.m2e.core.internal.Bundles - 	Entry: E:\coding\java\spring_ide\sts-4.21.1.RELEASE\plugins\org.eclipse.m2e.maven.runtime_3.9.500.20231113-2345\jars\wagon-http-shared-3.5.3.jar
2024-02-12 09:55:01,895 [Worker-47: Launching spring_boot_web] INFO  o.eclipse.m2e.core.internal.Bundles - 	Entry: E:\coding\java\spring_ide\sts-4.21.1.RELEASE\plugins\org.eclipse.m2e.maven.runtime_3.9.500.20231113-2345\jars\wagon-provider-api-3.5.3.jar
2024-02-12 09:55:01,895 [Worker-47: Launching spring_boot_web] INFO  o.eclipse.m2e.core.internal.Bundles - getClasspathEntries(Bundle=com.google.guava_33.0.0.jre [25])
2024-02-12 09:55:01,896 [Worker-47: Launching spring_boot_web] INFO  o.eclipse.m2e.core.internal.Bundles - 	Entry: E:\coding\java\spring_ide\sts-4.21.1.RELEASE\plugins\com.google.guava_33.0.0.jre.jar
2024-02-12 09:55:01,896 [Worker-47: Launching spring_boot_web] INFO  o.eclipse.m2e.core.internal.Bundles - getClasspathEntries(Bundle=slf4j.api_2.0.9 [573])
2024-02-12 09:55:01,896 [Worker-47: Launching spring_boot_web] INFO  o.eclipse.m2e.core.internal.Bundles - 	Entry: E:\coding\java\spring_ide\sts-4.21.1.RELEASE\plugins\slf4j.api_2.0.9.jar
2024-02-12 09:55:01,896 [Worker-47: Launching spring_boot_web] INFO  o.eclipse.m2e.core.internal.Bundles - getClasspathEntries(Bundle=jakarta.inject.jakarta.inject-api_1.0.5 [41])
2024-02-12 09:55:01,897 [Worker-47: Launching spring_boot_web] INFO  o.eclipse.m2e.core.internal.Bundles - 	Entry: E:\coding\java\spring_ide\sts-4.21.1.RELEASE\plugins\jakarta.inject.jakarta.inject-api_1.0.5.jar
2024-02-12 09:55:01,897 [Worker-47: Launching spring_boot_web] INFO  o.eclipse.m2e.core.internal.Bundles - getClasspathEntries(Bundle=jakarta.annotation-api_1.3.5 [37])
2024-02-12 09:55:01,897 [Worker-47: Launching spring_boot_web] INFO  o.eclipse.m2e.core.internal.Bundles - 	Entry: E:\coding\java\spring_ide\sts-4.21.1.RELEASE\plugins\jakarta.annotation-api_1.3.5.jar
2024-02-12 09:55:01,897 [Worker-47: Launching spring_boot_web] INFO  o.eclipse.m2e.core.internal.Bundles - getClasspathEntries(Bundle=org.apache.commons.cli_1.6.0 [71])
2024-02-12 09:55:01,898 [Worker-47: Launching spring_boot_web] INFO  o.eclipse.m2e.core.internal.Bundles - 	Entry: E:\coding\java\spring_ide\sts-4.21.1.RELEASE\plugins\org.apache.commons.cli_1.6.0.jar
2024-02-12 09:55:01,898 [Worker-47: Launching spring_boot_web] INFO  o.eclipse.m2e.core.internal.Bundles - getClasspathEntries(Bundle=org.apache.commons.commons-codec_1.16.0 [73])
2024-02-12 09:55:01,898 [Worker-47: Launching spring_boot_web] INFO  o.eclipse.m2e.core.internal.Bundles - 	Entry: E:\coding\java\spring_ide\sts-4.21.1.RELEASE\plugins\org.apache.commons.commons-codec_1.16.0.jar
2024-02-12 09:55:01,899 [Worker-47: Launching spring_boot_web] INFO  o.eclipse.m2e.core.internal.Bundles - getClasspathEntries(Bundle=org.apache.commons.lang3_3.13.0 [77])
2024-02-12 09:55:01,900 [Worker-47: Launching spring_boot_web] INFO  o.eclipse.m2e.core.internal.Bundles - 	Entry: E:\coding\java\spring_ide\sts-4.21.1.RELEASE\plugins\org.apache.commons.lang3_3.13.0.jar
2024-02-12 09:55:01,900 [Worker-47: Launching spring_boot_web] INFO  o.eclipse.m2e.core.internal.Bundles - getClasspathEntries(Bundle=com.google.guava.failureaccess_1.0.2 [27])
2024-02-12 09:55:01,900 [Worker-47: Launching spring_boot_web] INFO  o.eclipse.m2e.core.internal.Bundles - 	Entry: E:\coding\java\spring_ide\sts-4.21.1.RELEASE\plugins\com.google.guava.failureaccess_1.0.2.jar
2024-02-12 09:55:01,902 [Worker-47: Launching spring_boot_web] INFO  o.e.m.i.launch.MavenLaunchDelegate - Run build in "E:\coding\java\workspace_spring_plural\tickets":
2024-02-12 09:55:01,902 [Worker-47: Launching spring_boot_web] INFO  o.e.m.i.launch.MavenLaunchDelegate -  mvn  -B -Dstyle.color=always package
2024-02-12 10:01:51,287 [Worker-54: Building] INFO  o.a.m.s.f.DefaultMavenResourcesFiltering - Copying 1 resource from src\main\resources to target\classes
2024-02-12 10:01:51,297 [Worker-54: Building] INFO  o.a.m.s.f.DefaultMavenResourcesFiltering - Copying 0 resource from src\main\resources to target\classes
2024-02-12 10:01:51,301 [Worker-54: Building] INFO  o.a.m.s.f.DefaultMavenResourcesFiltering - skip non existing resourceDirectory E:\coding\java\workspace_spring_plural\tickets\src\test\resources
2024-02-12 11:27:22,670 [Worker-52: Building] INFO  o.a.m.s.f.DefaultMavenResourcesFiltering - Copying 1 resource from src\main\resources to target\classes
2024-02-12 11:27:22,694 [Worker-52: Building] INFO  o.a.m.s.f.DefaultMavenResourcesFiltering - Copying 0 resource from src\main\resources to target\classes
2024-02-12 11:27:22,699 [Worker-52: Building] INFO  o.a.m.s.f.DefaultMavenResourcesFiltering - skip non existing resourceDirectory E:\coding\java\workspace_spring_plural\tickets\src\test\resources
2024-02-12 11:31:33,361 [Worker-69: Building] INFO  o.a.m.s.f.DefaultMavenResourcesFiltering - Copying 1 resource from src\main\resources to target\classes
2024-02-12 11:31:33,368 [Worker-69: Building] INFO  o.a.m.s.f.DefaultMavenResourcesFiltering - Copying 0 resource from src\main\resources to target\classes
2024-02-12 11:31:33,370 [Worker-69: Building] INFO  o.a.m.s.f.DefaultMavenResourcesFiltering - skip non existing resourceDirectory E:\coding\java\workspace_spring_plural\tickets\src\test\resources
2024-02-12 11:31:46,289 [Worker-52: Building] INFO  o.a.m.s.f.DefaultMavenResourcesFiltering - Copying 1 resource from src\main\resources to target\classes
2024-02-12 11:31:46,295 [Worker-52: Building] INFO  o.a.m.s.f.DefaultMavenResourcesFiltering - Copying 0 resource from src\main\resources to target\classes
2024-02-12 11:31:46,298 [Worker-52: Building] INFO  o.a.m.s.f.DefaultMavenResourcesFiltering - skip non existing resourceDirectory E:\coding\java\workspace_spring_plural\tickets\src\test\resources
2024-02-12 11:32:08,450 [Worker-66: Building] INFO  o.a.m.s.f.DefaultMavenResourcesFiltering - Copying 1 resource from src\main\resources to target\classes
2024-02-12 11:32:08,458 [Worker-66: Building] INFO  o.a.m.s.f.DefaultMavenResourcesFiltering - Copying 0 resource from src\main\resources to target\classes
2024-02-12 11:32:08,461 [Worker-66: Building] INFO  o.a.m.s.f.DefaultMavenResourcesFiltering - skip non existing resourceDirectory E:\coding\java\workspace_spring_plural\tickets\src\test\resources
2024-02-12 11:32:38,767 [Worker-67: Building] INFO  o.a.m.s.f.DefaultMavenResourcesFiltering - Copying 1 resource from src\main\resources to target\classes
2024-02-12 11:32:38,774 [Worker-67: Building] INFO  o.a.m.s.f.DefaultMavenResourcesFiltering - Copying 0 resource from src\main\resources to target\classes
2024-02-12 11:32:38,778 [Worker-67: Building] INFO  o.a.m.s.f.DefaultMavenResourcesFiltering - skip non existing resourceDirectory E:\coding\java\workspace_spring_plural\tickets\src\test\resources
2024-02-12 11:32:55,599 [Worker-69: Building] INFO  o.a.m.s.f.DefaultMavenResourcesFiltering - Copying 1 resource from src\main\resources to target\classes
2024-02-12 11:32:55,604 [Worker-69: Building] INFO  o.a.m.s.f.DefaultMavenResourcesFiltering - Copying 0 resource from src\main\resources to target\classes
2024-02-12 11:32:55,608 [Worker-69: Building] INFO  o.a.m.s.f.DefaultMavenResourcesFiltering - skip non existing resourceDirectory E:\coding\java\workspace_spring_plural\tickets\src\test\resources
2024-02-12 11:34:22,143 [Worker-70: Building] INFO  o.a.m.s.f.DefaultMavenResourcesFiltering - Copying 1 resource from src\main\resources to target\classes
2024-02-12 11:34:22,146 [Worker-70: Building] INFO  o.a.m.s.f.DefaultMavenResourcesFiltering - Copying 0 resource from src\main\resources to target\classes
2024-02-12 11:34:22,151 [Worker-70: Building] INFO  o.a.m.s.f.DefaultMavenResourcesFiltering - skip non existing resourceDirectory E:\coding\java\workspace_spring_plural\tickets\src\test\resources
2024-02-12 11:35:17,915 [Worker-69: Building] INFO  o.a.m.s.f.DefaultMavenResourcesFiltering - Copying 1 resource from src\main\resources to target\classes
2024-02-12 11:35:17,922 [Worker-69: Building] INFO  o.a.m.s.f.DefaultMavenResourcesFiltering - Copying 0 resource from src\main\resources to target\classes
2024-02-12 11:35:17,925 [Worker-69: Building] INFO  o.a.m.s.f.DefaultMavenResourcesFiltering - skip non existing resourceDirectory E:\coding\java\workspace_spring_plural\tickets\src\test\resources
2024-02-12 11:35:58,891 [Worker-68: Building] INFO  o.a.m.s.f.DefaultMavenResourcesFiltering - Copying 1 resource from src\main\resources to target\classes
2024-02-12 11:35:58,894 [Worker-68: Building] INFO  o.a.m.s.f.DefaultMavenResourcesFiltering - Copying 0 resource from src\main\resources to target\classes
2024-02-12 11:35:58,898 [Worker-68: Building] INFO  o.a.m.s.f.DefaultMavenResourcesFiltering - skip non existing resourceDirectory E:\coding\java\workspace_spring_plural\tickets\src\test\resources
2024-02-12 11:36:13,959 [Worker-69: Building] INFO  o.a.m.s.f.DefaultMavenResourcesFiltering - Copying 1 resource from src\main\resources to target\classes
2024-02-12 11:36:13,965 [Worker-69: Building] INFO  o.a.m.s.f.DefaultMavenResourcesFiltering - Copying 0 resource from src\main\resources to target\classes
2024-02-12 11:36:13,968 [Worker-69: Building] INFO  o.a.m.s.f.DefaultMavenResourcesFiltering - skip non existing resourceDirectory E:\coding\java\workspace_spring_plural\tickets\src\test\resources
2024-02-12 11:36:27,037 [Worker-69: Building] INFO  o.a.m.s.f.DefaultMavenResourcesFiltering - Copying 1 resource from src\main\resources to target\classes
2024-02-12 11:36:27,040 [Worker-69: Building] INFO  o.a.m.s.f.DefaultMavenResourcesFiltering - Copying 0 resource from src\main\resources to target\classes
2024-02-12 11:36:27,043 [Worker-69: Building] INFO  o.a.m.s.f.DefaultMavenResourcesFiltering - skip non existing resourceDirectory E:\coding\java\workspace_spring_plural\tickets\src\test\resources
2024-02-12 11:37:38,665 [Worker-52: Building] INFO  o.a.m.s.f.DefaultMavenResourcesFiltering - Copying 1 resource from src\main\resources to target\classes
2024-02-12 11:37:38,671 [Worker-52: Building] INFO  o.a.m.s.f.DefaultMavenResourcesFiltering - Copying 0 resource from src\main\resources to target\classes
2024-02-12 11:37:38,675 [Worker-52: Building] INFO  o.a.m.s.f.DefaultMavenResourcesFiltering - skip non existing resourceDirectory E:\coding\java\workspace_spring_plural\tickets\src\test\resources
2024-02-12 11:38:24,964 [Worker-67: Building] INFO  o.a.m.s.f.DefaultMavenResourcesFiltering - Copying 1 resource from src\main\resources to target\classes
2024-02-12 11:38:24,971 [Worker-67: Building] INFO  o.a.m.s.f.DefaultMavenResourcesFiltering - Copying 0 resource from src\main\resources to target\classes
2024-02-12 11:38:24,974 [Worker-67: Building] INFO  o.a.m.s.f.DefaultMavenResourcesFiltering - skip non existing resourceDirectory E:\coding\java\workspace_spring_plural\tickets\src\test\resources
2024-02-12 11:39:45,155 [Worker-70: Building] INFO  o.a.m.s.f.DefaultMavenResourcesFiltering - Copying 1 resource from src\main\resources to target\classes
2024-02-12 11:39:45,159 [Worker-70: Building] INFO  o.a.m.s.f.DefaultMavenResourcesFiltering - Copying 0 resource from src\main\resources to target\classes
2024-02-12 11:39:45,162 [Worker-70: Building] INFO  o.a.m.s.f.DefaultMavenResourcesFiltering - skip non existing resourceDirectory E:\coding\java\workspace_spring_plural\tickets\src\test\resources
2024-02-12 11:40:35,668 [Worker-70: Building] INFO  o.a.m.s.f.DefaultMavenResourcesFiltering - Copying 1 resource from src\main\resources to target\classes
2024-02-12 11:40:35,673 [Worker-70: Building] INFO  o.a.m.s.f.DefaultMavenResourcesFiltering - Copying 0 resource from src\main\resources to target\classes
2024-02-12 11:40:35,678 [Worker-70: Building] INFO  o.a.m.s.f.DefaultMavenResourcesFiltering - skip non existing resourceDirectory E:\coding\java\workspace_spring_plural\tickets\src\test\resources
2024-02-12 11:41:55,677 [Worker-68: Building] INFO  o.a.m.s.f.DefaultMavenResourcesFiltering - Copying 1 resource from src\main\resources to target\classes
2024-02-12 11:41:55,682 [Worker-68: Building] INFO  o.a.m.s.f.DefaultMavenResourcesFiltering - Copying 0 resource from src\main\resources to target\classes
2024-02-12 11:41:55,685 [Worker-68: Building] INFO  o.a.m.s.f.DefaultMavenResourcesFiltering - skip non existing resourceDirectory E:\coding\java\workspace_spring_plural\tickets\src\test\resources
2024-02-12 11:46:54,955 [Worker-52: Building] INFO  o.a.m.s.f.DefaultMavenResourcesFiltering - Copying 1 resource from src\main\resources to target\classes
2024-02-12 11:46:54,960 [Worker-52: Building] INFO  o.a.m.s.f.DefaultMavenResourcesFiltering - Copying 0 resource from src\main\resources to target\classes
2024-02-12 11:46:54,963 [Worker-52: Building] INFO  o.a.m.s.f.DefaultMavenResourcesFiltering - skip non existing resourceDirectory E:\coding\java\workspace_spring_plural\tickets\src\test\resources
2024-02-12 11:47:46,953 [Worker-52: Building] INFO  o.a.m.s.f.DefaultMavenResourcesFiltering - Copying 1 resource from src\main\resources to target\classes
2024-02-12 11:47:46,962 [Worker-52: Building] INFO  o.a.m.s.f.DefaultMavenResourcesFiltering - Copying 0 resource from src\main\resources to target\classes
2024-02-12 11:47:46,964 [Worker-52: Building] INFO  o.a.m.s.f.DefaultMavenResourcesFiltering - skip non existing resourceDirectory E:\coding\java\workspace_spring_plural\tickets\src\test\resources
2024-02-12 11:55:56,993 [Worker-67: Building] INFO  o.a.m.s.f.DefaultMavenResourcesFiltering - Copying 1 resource from src\main\resources to target\classes
2024-02-12 11:55:56,998 [Worker-67: Building] INFO  o.a.m.s.f.DefaultMavenResourcesFiltering - Copying 0 resource from src\main\resources to target\classes
2024-02-12 11:55:57,000 [Worker-67: Building] INFO  o.a.m.s.f.DefaultMavenResourcesFiltering - skip non existing resourceDirectory E:\coding\java\workspace_spring_plural\tickets\src\test\resources
2024-02-12 11:56:27,477 [Worker-71: Building] INFO  o.a.m.s.f.DefaultMavenResourcesFiltering - Copying 1 resource from src\main\resources to target\classes
2024-02-12 11:56:27,485 [Worker-71: Building] INFO  o.a.m.s.f.DefaultMavenResourcesFiltering - Copying 0 resource from src\main\resources to target\classes
2024-02-12 11:56:27,487 [Worker-71: Building] INFO  o.a.m.s.f.DefaultMavenResourcesFiltering - skip non existing resourceDirectory E:\coding\java\workspace_spring_plural\tickets\src\test\resources
2024-02-12 11:57:22,663 [Worker-67: Building] INFO  o.a.m.s.f.DefaultMavenResourcesFiltering - Copying 1 resource from src\main\resources to target\classes
2024-02-12 11:57:22,666 [Worker-67: Building] INFO  o.a.m.s.f.DefaultMavenResourcesFiltering - Copying 0 resource from src\main\resources to target\classes
2024-02-12 11:57:22,669 [Worker-67: Building] INFO  o.a.m.s.f.DefaultMavenResourcesFiltering - skip non existing resourceDirectory E:\coding\java\workspace_spring_plural\tickets\src\test\resources
2024-02-12 12:00:14,848 [Worker-75: Building] INFO  o.a.m.s.f.DefaultMavenResourcesFiltering - Copying 1 resource from src\main\resources to target\classes
2024-02-12 12:00:14,857 [Worker-75: Building] INFO  o.a.m.s.f.DefaultMavenResourcesFiltering - Copying 0 resource from src\main\resources to target\classes
2024-02-12 12:00:14,864 [Worker-75: Building] INFO  o.a.m.s.f.DefaultMavenResourcesFiltering - skip non existing resourceDirectory E:\coding\java\workspace_spring_plural\tickets\src\test\resources
2024-02-12 12:02:56,816 [Worker-76: Building] INFO  o.a.m.s.f.DefaultMavenResourcesFiltering - Copying 1 resource from src\main\resources to target\classes
2024-02-12 12:02:56,823 [Worker-76: Building] INFO  o.a.m.s.f.DefaultMavenResourcesFiltering - Copying 0 resource from src\main\resources to target\classes
2024-02-12 12:02:56,825 [Worker-76: Building] INFO  o.a.m.s.f.DefaultMavenResourcesFiltering - skip non existing resourceDirectory E:\coding\java\workspace_spring_plural\tickets\src\test\resources
2024-02-12 12:16:52,988 [Worker-80: Building] INFO  o.a.m.s.f.DefaultMavenResourcesFiltering - Copying 1 resource from src\main\resources to target\classes
2024-02-12 12:16:53,001 [Worker-80: Building] INFO  o.a.m.s.f.DefaultMavenResourcesFiltering - Copying 0 resource from src\main\resources to target\classes
2024-02-12 12:16:53,003 [Worker-80: Building] INFO  o.a.m.s.f.DefaultMavenResourcesFiltering - skip non existing resourceDirectory E:\coding\java\workspace_spring_plural\tickets\src\test\resources
2024-02-12 12:25:23,601 [Worker-67: Building] INFO  o.a.m.s.f.DefaultMavenResourcesFiltering - Copying 1 resource from src\main\resources to target\classes
2024-02-12 12:25:23,608 [Worker-67: Building] INFO  o.a.m.s.f.DefaultMavenResourcesFiltering - Copying 0 resource from src\main\resources to target\classes
2024-02-12 12:25:23,624 [Worker-67: Building] INFO  o.a.m.s.f.DefaultMavenResourcesFiltering - skip non existing resourceDirectory E:\coding\java\workspace_spring_plural\tickets\src\test\resources
2024-02-12 12:25:27,800 [Worker-81: Building] INFO  o.a.m.s.f.DefaultMavenResourcesFiltering - Copying 1 resource from src\main\resources to target\classes
2024-02-12 12:25:27,810 [Worker-81: Building] INFO  o.a.m.s.f.DefaultMavenResourcesFiltering - Copying 0 resource from src\main\resources to target\classes
2024-02-12 12:25:27,815 [Worker-81: Building] INFO  o.a.m.s.f.DefaultMavenResourcesFiltering - skip non existing resourceDirectory E:\coding\java\workspace_spring_plural\tickets\src\test\resources
2024-02-12 12:31:11,314 [Worker-82: Building] INFO  o.a.m.s.f.DefaultMavenResourcesFiltering - Copying 1 resource from src\main\resources to target\classes
2024-02-12 12:31:11,327 [Worker-82: Building] INFO  o.a.m.s.f.DefaultMavenResourcesFiltering - Copying 0 resource from src\main\resources to target\classes
2024-02-12 12:31:11,331 [Worker-82: Building] INFO  o.a.m.s.f.DefaultMavenResourcesFiltering - skip non existing resourceDirectory E:\coding\java\workspace_spring_plural\tickets\src\test\resources
2024-02-12 12:33:00,882 [Worker-81: Building] INFO  o.a.m.s.f.DefaultMavenResourcesFiltering - Copying 1 resource from src\main\resources to target\classes
2024-02-12 12:33:00,888 [Worker-81: Building] INFO  o.a.m.s.f.DefaultMavenResourcesFiltering - Copying 0 resource from src\main\resources to target\classes
2024-02-12 12:33:00,892 [Worker-81: Building] INFO  o.a.m.s.f.DefaultMavenResourcesFiltering - skip non existing resourceDirectory E:\coding\java\workspace_spring_plural\tickets\src\test\resources
2024-02-12 12:33:11,101 [Worker-80: Building] INFO  o.a.m.s.f.DefaultMavenResourcesFiltering - Copying 1 resource from src\main\resources to target\classes
2024-02-12 12:33:11,107 [Worker-80: Building] INFO  o.a.m.s.f.DefaultMavenResourcesFiltering - Copying 0 resource from src\main\resources to target\classes
2024-02-12 12:33:11,111 [Worker-80: Building] INFO  o.a.m.s.f.DefaultMavenResourcesFiltering - skip non existing resourceDirectory E:\coding\java\workspace_spring_plural\tickets\src\test\resources
2024-02-12 14:54:48,705 [Worker-86: Building] INFO  o.a.m.s.f.DefaultMavenResourcesFiltering - Copying 1 resource from src\main\resources to target\classes
2024-02-12 14:54:48,713 [Worker-86: Building] INFO  o.a.m.s.f.DefaultMavenResourcesFiltering - Copying 0 resource from src\main\resources to target\classes
2024-02-12 14:54:48,715 [Worker-86: Building] INFO  o.a.m.s.f.DefaultMavenResourcesFiltering - skip non existing resourceDirectory E:\coding\java\workspace_spring_plural\tickets\src\test\resources
2024-02-13 12:11:59,631 [Worker-7: Loading available Gradle versions] INFO  o.e.b.c.i.u.g.PublishedGradleVersions - Gradle version information cache is up-to-date. Trying to read.
2024-02-14 05:44:18,232 [Worker-7: Loading available Gradle versions] INFO  o.e.b.c.i.u.g.PublishedGradleVersions - Gradle version information cache is out-of-date. Trying to update.
2024-02-14 05:44:29,165 [Worker-15: Building] INFO  o.a.m.s.f.DefaultMavenResourcesFiltering - Copying 1 resource from src\main\resources to target\classes
2024-02-14 05:44:29,254 [Worker-15: Building] INFO  o.a.m.s.f.DefaultMavenResourcesFiltering - Copying 0 resource from src\main\resources to target\classes
2024-02-14 05:44:29,263 [Worker-15: Building] INFO  o.a.m.s.f.DefaultMavenResourcesFiltering - skip non existing resourceDirectory E:\coding\java\workspace_spring_plural\tickets\src\test\resources
2024-02-14 06:08:18,667 [Worker-21: Building] INFO  o.a.m.s.f.DefaultMavenResourcesFiltering - Copying 1 resource from src\main\resources to target\classes
2024-02-14 06:08:18,678 [Worker-21: Building] INFO  o.a.m.s.f.DefaultMavenResourcesFiltering - Copying 0 resource from src\main\resources to target\classes
2024-02-14 06:08:18,685 [Worker-21: Building] INFO  o.a.m.s.f.DefaultMavenResourcesFiltering - skip non existing resourceDirectory E:\coding\java\workspace_spring_plural\tickets\src\test\resources
2024-02-14 06:23:32,983 [Worker-25: Building] INFO  o.a.m.s.f.DefaultMavenResourcesFiltering - Copying 1 resource from src\main\resources to target\classes
2024-02-14 06:23:32,991 [Worker-25: Building] INFO  o.a.m.s.f.DefaultMavenResourcesFiltering - Copying 0 resource from src\main\resources to target\classes
2024-02-14 06:23:32,994 [Worker-25: Building] INFO  o.a.m.s.f.DefaultMavenResourcesFiltering - skip non existing resourceDirectory E:\coding\java\workspace_spring_plural\tickets\src\test\resources
2024-02-14 06:25:08,361 [Worker-28: Building] INFO  o.a.m.s.f.DefaultMavenResourcesFiltering - Copying 1 resource from src\main\resources to target\classes
2024-02-14 06:25:08,365 [Worker-28: Building] INFO  o.a.m.s.f.DefaultMavenResourcesFiltering - Copying 0 resource from src\main\resources to target\classes
2024-02-14 06:25:08,369 [Worker-28: Building] INFO  o.a.m.s.f.DefaultMavenResourcesFiltering - skip non existing resourceDirectory E:\coding\java\workspace_spring_plural\tickets\src\test\resources
2024-02-14 06:26:28,375 [Worker-26: Building] INFO  o.a.m.s.f.DefaultMavenResourcesFiltering - Copying 1 resource from src\main\resources to target\classes
2024-02-14 06:26:28,380 [Worker-26: Building] INFO  o.a.m.s.f.DefaultMavenResourcesFiltering - Copying 0 resource from src\main\resources to target\classes
2024-02-14 06:26:28,382 [Worker-26: Building] INFO  o.a.m.s.f.DefaultMavenResourcesFiltering - skip non existing resourceDirectory E:\coding\java\workspace_spring_plural\tickets\src\test\resources
2024-02-14 06:31:15,420 [Worker-29: Building] INFO  o.a.m.s.f.DefaultMavenResourcesFiltering - Copying 1 resource from src\main\resources to target\classes
2024-02-14 06:31:15,425 [Worker-29: Building] INFO  o.a.m.s.f.DefaultMavenResourcesFiltering - Copying 0 resource from src\main\resources to target\classes
2024-02-14 06:31:15,428 [Worker-29: Building] INFO  o.a.m.s.f.DefaultMavenResourcesFiltering - skip non existing resourceDirectory E:\coding\java\workspace_spring_plural\tickets\src\test\resources
2024-02-14 06:33:42,750 [Worker-28: Building] INFO  o.a.m.s.f.DefaultMavenResourcesFiltering - Copying 1 resource from src\main\resources to target\classes
2024-02-14 06:33:42,754 [Worker-28: Building] INFO  o.a.m.s.f.DefaultMavenResourcesFiltering - Copying 0 resource from src\main\resources to target\classes
2024-02-14 06:33:42,757 [Worker-28: Building] INFO  o.a.m.s.f.DefaultMavenResourcesFiltering - skip non existing resourceDirectory E:\coding\java\workspace_spring_plural\tickets\src\test\resources
2024-02-14 06:33:55,950 [Worker-26: Building] INFO  o.a.m.s.f.DefaultMavenResourcesFiltering - Copying 1 resource from src\main\resources to target\classes
2024-02-14 06:33:55,954 [Worker-26: Building] INFO  o.a.m.s.f.DefaultMavenResourcesFiltering - Copying 0 resource from src\main\resources to target\classes
2024-02-14 06:33:55,961 [Worker-26: Building] INFO  o.a.m.s.f.DefaultMavenResourcesFiltering - skip non existing resourceDirectory E:\coding\java\workspace_spring_plural\tickets\src\test\resources
2024-02-14 06:34:02,036 [Worker-29: Building] INFO  o.a.m.s.f.DefaultMavenResourcesFiltering - Copying 1 resource from src\main\resources to target\classes
2024-02-14 06:34:02,054 [Worker-29: Building] INFO  o.a.m.s.f.DefaultMavenResourcesFiltering - Copying 0 resource from src\main\resources to target\classes
2024-02-14 06:34:02,057 [Worker-29: Building] INFO  o.a.m.s.f.DefaultMavenResourcesFiltering - skip non existing resourceDirectory E:\coding\java\workspace_spring_plural\tickets\src\test\resources
2024-02-14 06:34:15,370 [Worker-26: Building] INFO  o.a.m.s.f.DefaultMavenResourcesFiltering - Copying 1 resource from src\main\resources to target\classes
2024-02-14 06:34:15,373 [Worker-26: Building] INFO  o.a.m.s.f.DefaultMavenResourcesFiltering - Copying 0 resource from src\main\resources to target\classes
2024-02-14 06:34:15,375 [Worker-26: Building] INFO  o.a.m.s.f.DefaultMavenResourcesFiltering - skip non existing resourceDirectory E:\coding\java\workspace_spring_plural\tickets\src\test\resources
2024-02-14 06:34:18,985 [Worker-29: Building] INFO  o.a.m.s.f.DefaultMavenResourcesFiltering - Copying 1 resource from src\main\resources to target\classes
2024-02-14 06:34:18,989 [Worker-29: Building] INFO  o.a.m.s.f.DefaultMavenResourcesFiltering - Copying 0 resource from src\main\resources to target\classes
2024-02-14 06:34:18,991 [Worker-29: Building] INFO  o.a.m.s.f.DefaultMavenResourcesFiltering - skip non existing resourceDirectory E:\coding\java\workspace_spring_plural\tickets\src\test\resources
2024-02-14 06:36:07,332 [Worker-29: Building] INFO  o.a.m.s.f.DefaultMavenResourcesFiltering - Copying 1 resource from src\main\resources to target\classes
2024-02-14 06:36:07,335 [Worker-29: Building] INFO  o.a.m.s.f.DefaultMavenResourcesFiltering - Copying 0 resource from src\main\resources to target\classes
2024-02-14 06:36:07,338 [Worker-29: Building] INFO  o.a.m.s.f.DefaultMavenResourcesFiltering - skip non existing resourceDirectory E:\coding\java\workspace_spring_plural\tickets\src\test\resources
2024-02-14 06:37:52,193 [Worker-31: Building] INFO  o.a.m.s.f.DefaultMavenResourcesFiltering - Copying 1 resource from src\main\resources to target\classes
2024-02-14 06:37:52,201 [Worker-31: Building] INFO  o.a.m.s.f.DefaultMavenResourcesFiltering - Copying 0 resource from src\main\resources to target\classes
2024-02-14 06:37:52,203 [Worker-31: Building] INFO  o.a.m.s.f.DefaultMavenResourcesFiltering - skip non existing resourceDirectory E:\coding\java\workspace_spring_plural\tickets\src\test\resources
2024-02-14 06:40:04,653 [Worker-32: Building] INFO  o.a.m.s.f.DefaultMavenResourcesFiltering - Copying 1 resource from src\main\resources to target\classes
2024-02-14 06:40:04,664 [Worker-32: Building] INFO  o.a.m.s.f.DefaultMavenResourcesFiltering - Copying 0 resource from src\main\resources to target\classes
2024-02-14 06:40:04,667 [Worker-32: Building] INFO  o.a.m.s.f.DefaultMavenResourcesFiltering - skip non existing resourceDirectory E:\coding\java\workspace_spring_plural\tickets\src\test\resources
2024-02-14 06:40:10,660 [Worker-20: Building] INFO  o.a.m.s.f.DefaultMavenResourcesFiltering - Copying 1 resource from src\main\resources to target\classes
2024-02-14 06:40:10,665 [Worker-20: Building] INFO  o.a.m.s.f.DefaultMavenResourcesFiltering - Copying 0 resource from src\main\resources to target\classes
2024-02-14 06:40:10,669 [Worker-20: Building] INFO  o.a.m.s.f.DefaultMavenResourcesFiltering - skip non existing resourceDirectory E:\coding\java\workspace_spring_plural\tickets\src\test\resources
2024-02-14 06:58:41,543 [Worker-38: Building] INFO  o.a.m.s.f.DefaultMavenResourcesFiltering - Copying 1 resource from src\main\resources to target\classes
2024-02-14 06:58:41,549 [Worker-38: Building] INFO  o.a.m.s.f.DefaultMavenResourcesFiltering - Copying 0 resource from src\main\resources to target\classes
2024-02-14 06:58:41,553 [Worker-38: Building] INFO  o.a.m.s.f.DefaultMavenResourcesFiltering - skip non existing resourceDirectory E:\coding\java\workspace_spring_plural\tickets\src\test\resources
2024-02-14 07:03:34,212 [Worker-33: Building] INFO  o.a.m.s.f.DefaultMavenResourcesFiltering - Copying 1 resource from src\main\resources to target\classes
2024-02-14 07:03:34,218 [Worker-33: Building] INFO  o.a.m.s.f.DefaultMavenResourcesFiltering - Copying 0 resource from src\main\resources to target\classes
2024-02-14 07:03:34,221 [Worker-33: Building] INFO  o.a.m.s.f.DefaultMavenResourcesFiltering - skip non existing resourceDirectory E:\coding\java\workspace_spring_plural\tickets\src\test\resources
2024-02-14 07:05:38,966 [Worker-41: Building] INFO  o.a.m.s.f.DefaultMavenResourcesFiltering - Copying 1 resource from src\main\resources to target\classes
2024-02-14 07:05:38,972 [Worker-41: Building] INFO  o.a.m.s.f.DefaultMavenResourcesFiltering - Copying 0 resource from src\main\resources to target\classes
2024-02-14 07:05:38,974 [Worker-41: Building] INFO  o.a.m.s.f.DefaultMavenResourcesFiltering - skip non existing resourceDirectory E:\coding\java\workspace_spring_plural\tickets\src\test\resources
2024-02-14 07:16:03,403 [Worker-33: Building] INFO  o.e.m.c.i.l.LifecycleMappingFactory - Using org.eclipse.m2e.jdt.JarLifecycleMapping lifecycle mapping for MavenProject: com.pluralsight.springboot:tickets:0.0.1-SNAPSHOT @ E:\coding\java\workspace_spring_plural\tickets\pom.xml.
2024-02-14 07:16:03,841 [Worker-33: Building] INFO  o.e.m.c.i.e.AbstractTransferListenerAdapter - Downloading https://repo.maven.apache.org/maven2/org/springframework/boot/spring-boot-starter-validation/3.2.2/spring-boot-starter-validation-3.2.2.pom
2024-02-14 07:16:03,858 [Worker-33: Building] INFO  o.e.m.c.i.e.AbstractTransferListenerAdapter - Downloaded https://repo.maven.apache.org/maven2/org/springframework/boot/spring-boot-starter-validation/3.2.2/spring-boot-starter-validation-3.2.2.pom
2024-02-14 07:16:03,886 [Worker-33: Building] INFO  o.e.m.c.i.e.AbstractTransferListenerAdapter - Downloading https://repo.maven.apache.org/maven2/org/hibernate/validator/hibernate-validator/8.0.1.Final/hibernate-validator-8.0.1.Final.pom
2024-02-14 07:16:03,894 [Worker-33: Building] INFO  o.e.m.c.i.e.AbstractTransferListenerAdapter - Downloaded https://repo.maven.apache.org/maven2/org/hibernate/validator/hibernate-validator/8.0.1.Final/hibernate-validator-8.0.1.Final.pom
2024-02-14 07:16:03,934 [Worker-33: Building] INFO  o.e.m.c.i.e.AbstractTransferListenerAdapter - Downloading https://repo.maven.apache.org/maven2/org/hibernate/validator/hibernate-validator-parent/8.0.1.Final/hibernate-validator-parent-8.0.1.Final.pom
2024-02-14 07:16:03,964 [Worker-33: Building] INFO  o.e.m.c.i.e.AbstractTransferListenerAdapter - Downloaded https://repo.maven.apache.org/maven2/org/hibernate/validator/hibernate-validator-parent/8.0.1.Final/hibernate-validator-parent-8.0.1.Final.pom
2024-02-14 07:16:04,007 [Worker-33: Building] INFO  o.e.m.c.i.e.AbstractTransferListenerAdapter - Downloading https://repo.maven.apache.org/maven2/org/jboss/arquillian/arquillian-bom/1.7.0.Alpha10/arquillian-bom-1.7.0.Alpha10.pom
2024-02-14 07:16:04,013 [Worker-33: Building] INFO  o.e.m.c.i.e.AbstractTransferListenerAdapter - Downloaded https://repo.maven.apache.org/maven2/org/jboss/arquillian/arquillian-bom/1.7.0.Alpha10/arquillian-bom-1.7.0.Alpha10.pom
2024-02-14 07:16:04,047 [Worker-33: Building] INFO  o.e.m.c.i.e.AbstractTransferListenerAdapter - Downloading https://repo.maven.apache.org/maven2/org/jboss/shrinkwrap/shrinkwrap-bom/1.2.6/shrinkwrap-bom-1.2.6.pom
2024-02-14 07:16:04,052 [Worker-33: Building] INFO  o.e.m.c.i.e.AbstractTransferListenerAdapter - Downloaded https://repo.maven.apache.org/maven2/org/jboss/shrinkwrap/shrinkwrap-bom/1.2.6/shrinkwrap-bom-1.2.6.pom
2024-02-14 07:16:04,086 [Worker-33: Building] INFO  o.e.m.c.i.e.AbstractTransferListenerAdapter - Downloading https://repo.maven.apache.org/maven2/org/jboss/shrinkwrap/resolver/shrinkwrap-resolver-bom/3.1.4/shrinkwrap-resolver-bom-3.1.4.pom
2024-02-14 07:16:04,093 [Worker-33: Building] INFO  o.e.m.c.i.e.AbstractTransferListenerAdapter - Downloaded https://repo.maven.apache.org/maven2/org/jboss/shrinkwrap/resolver/shrinkwrap-resolver-bom/3.1.4/shrinkwrap-resolver-bom-3.1.4.pom
2024-02-14 07:16:04,126 [Worker-33: Building] INFO  o.e.m.c.i.e.AbstractTransferListenerAdapter - Downloading https://repo.maven.apache.org/maven2/org/apache/maven/maven/3.6.3/maven-3.6.3.pom
2024-02-14 07:16:04,161 [Worker-33: Building] INFO  o.e.m.c.i.e.AbstractTransferListenerAdapter - Downloaded https://repo.maven.apache.org/maven2/org/apache/maven/maven/3.6.3/maven-3.6.3.pom
2024-02-14 07:16:04,222 [Worker-33: Building] INFO  o.e.m.c.i.e.AbstractTransferListenerAdapter - Downloading https://repo.maven.apache.org/maven2/org/jboss/shrinkwrap/descriptors/shrinkwrap-descriptors-bom/2.0.0/shrinkwrap-descriptors-bom-2.0.0.pom
2024-02-14 07:16:04,234 [Worker-33: Building] INFO  o.e.m.c.i.e.AbstractTransferListenerAdapter - Downloaded https://repo.maven.apache.org/maven2/org/jboss/shrinkwrap/descriptors/shrinkwrap-descriptors-bom/2.0.0/shrinkwrap-descriptors-bom-2.0.0.pom
2024-02-14 07:16:04,284 [Worker-33: Building] INFO  o.e.m.c.i.e.AbstractTransferListenerAdapter - Downloading https://repo.maven.apache.org/maven2/jakarta/validation/jakarta.validation-api/3.0.2/jakarta.validation-api-3.0.2.pom
2024-02-14 07:16:04,296 [Worker-33: Building] INFO  o.e.m.c.i.e.AbstractTransferListenerAdapter - Downloaded https://repo.maven.apache.org/maven2/jakarta/validation/jakarta.validation-api/3.0.2/jakarta.validation-api-3.0.2.pom
2024-02-14 07:16:04,540 [Worker-33: Building] INFO  o.e.m.c.i.e.AbstractTransferListenerAdapter - Downloading https://repo.maven.apache.org/maven2/org/springframework/boot/spring-boot-starter-validation/3.2.2/spring-boot-starter-validation-3.2.2.jar
2024-02-14 07:16:04,544 [Worker-33: Building] INFO  o.e.m.c.i.e.AbstractTransferListenerAdapter - Downloaded https://repo.maven.apache.org/maven2/org/springframework/boot/spring-boot-starter-validation/3.2.2/spring-boot-starter-validation-3.2.2.jar
2024-02-14 07:16:04,569 [BasicRepositoryConnector-repo.maven.apache.org-0-0] INFO  o.e.m.c.i.e.AbstractTransferListenerAdapter - Downloading https://repo.maven.apache.org/maven2/org/hibernate/validator/hibernate-validator/8.0.1.Final/hibernate-validator-8.0.1.Final.jar
2024-02-14 07:16:04,638 [BasicRepositoryConnector-repo.maven.apache.org-0-1] INFO  o.e.m.c.i.e.AbstractTransferListenerAdapter - Downloading https://repo.maven.apache.org/maven2/jakarta/validation/jakarta.validation-api/3.0.2/jakarta.validation-api-3.0.2.jar
2024-02-14 07:16:04,681 [BasicRepositoryConnector-repo.maven.apache.org-0-1] INFO  o.e.m.c.i.e.AbstractTransferListenerAdapter - Downloaded https://repo.maven.apache.org/maven2/jakarta/validation/jakarta.validation-api/3.0.2/jakarta.validation-api-3.0.2.jar
2024-02-14 07:16:05,046 [BasicRepositoryConnector-repo.maven.apache.org-0-0] INFO  o.e.m.c.i.e.AbstractTransferListenerAdapter - Downloaded https://repo.maven.apache.org/maven2/org/hibernate/validator/hibernate-validator/8.0.1.Final/hibernate-validator-8.0.1.Final.jar
2024-02-14 07:16:05,612 [Worker-33: Building] INFO  o.a.m.s.f.DefaultMavenResourcesFiltering - Copying 0 resource from src\main\resources to target\classes
2024-02-14 07:16:05,614 [Worker-33: Building] INFO  o.a.m.s.f.DefaultMavenResourcesFiltering - Copying 0 resource from src\main\resources to target\classes
2024-02-14 07:16:05,619 [Worker-33: Building] INFO  o.a.m.s.f.DefaultMavenResourcesFiltering - skip non existing resourceDirectory E:\coding\java\workspace_spring_plural\tickets\src\test\resources
2024-02-14 07:16:06,534 [Worker-46: Download sources and javadoc] INFO  o.e.m.c.i.e.AbstractTransferListenerAdapter - Downloading https://repo.maven.apache.org/maven2/org/springframework/boot/spring-boot-starter-validation/3.2.2/spring-boot-starter-validation-3.2.2-sources.jar
2024-02-14 07:16:06,538 [Worker-46: Download sources and javadoc] INFO  o.e.m.c.i.e.AbstractTransferListenerAdapter - Downloaded https://repo.maven.apache.org/maven2/org/springframework/boot/spring-boot-starter-validation/3.2.2/spring-boot-starter-validation-3.2.2-sources.jar
2024-02-14 07:16:06,545 [Worker-46: Download sources and javadoc] INFO  o.e.m.j.internal.DownloadSourcesJob - Downloaded sources for org.springframework.boot:spring-boot-starter-validation:3.2.2
2024-02-14 07:16:06,617 [Worker-46: Download sources and javadoc] INFO  o.e.m.c.i.e.AbstractTransferListenerAdapter - Downloading https://repo.maven.apache.org/maven2/org/hibernate/validator/hibernate-validator/8.0.1.Final/hibernate-validator-8.0.1.Final-sources.jar
2024-02-14 07:16:06,897 [Worker-46: Download sources and javadoc] INFO  o.e.m.c.i.e.AbstractTransferListenerAdapter - Downloaded https://repo.maven.apache.org/maven2/org/hibernate/validator/hibernate-validator/8.0.1.Final/hibernate-validator-8.0.1.Final-sources.jar
2024-02-14 07:16:06,902 [Worker-46: Download sources and javadoc] INFO  o.e.m.j.internal.DownloadSourcesJob - Downloaded sources for org.hibernate.validator:hibernate-validator:8.0.1.Final
2024-02-14 07:16:06,983 [Worker-46: Download sources and javadoc] INFO  o.e.m.c.i.e.AbstractTransferListenerAdapter - Downloading https://repo.maven.apache.org/maven2/jakarta/validation/jakarta.validation-api/3.0.2/jakarta.validation-api-3.0.2-sources.jar
2024-02-14 07:16:07,010 [Worker-46: Download sources and javadoc] INFO  o.e.m.c.i.e.AbstractTransferListenerAdapter - Downloaded https://repo.maven.apache.org/maven2/jakarta/validation/jakarta.validation-api/3.0.2/jakarta.validation-api-3.0.2-sources.jar
2024-02-14 07:16:07,016 [Worker-46: Download sources and javadoc] INFO  o.e.m.j.internal.DownloadSourcesJob - Downloaded sources for jakarta.validation:jakarta.validation-api:3.0.2
2024-02-14 07:18:01,592 [Worker-43: Building] INFO  o.a.m.s.f.DefaultMavenResourcesFiltering - Copying 1 resource from src\main\resources to target\classes
2024-02-14 07:18:01,614 [Worker-43: Building] INFO  o.a.m.s.f.DefaultMavenResourcesFiltering - Copying 0 resource from src\main\resources to target\classes
2024-02-14 07:18:01,617 [Worker-43: Building] INFO  o.a.m.s.f.DefaultMavenResourcesFiltering - skip non existing resourceDirectory E:\coding\java\workspace_spring_plural\tickets\src\test\resources
2024-02-14 07:18:34,698 [Worker-47: Building] INFO  o.a.m.s.f.DefaultMavenResourcesFiltering - Copying 1 resource from src\main\resources to target\classes
2024-02-14 07:18:34,703 [Worker-47: Building] INFO  o.a.m.s.f.DefaultMavenResourcesFiltering - Copying 0 resource from src\main\resources to target\classes
2024-02-14 07:18:34,706 [Worker-47: Building] INFO  o.a.m.s.f.DefaultMavenResourcesFiltering - skip non existing resourceDirectory E:\coding\java\workspace_spring_plural\tickets\src\test\resources
2024-02-14 07:27:10,355 [Worker-33: Building] INFO  o.a.m.s.f.DefaultMavenResourcesFiltering - Copying 1 resource from src\main\resources to target\classes
2024-02-14 07:27:10,360 [Worker-33: Building] INFO  o.a.m.s.f.DefaultMavenResourcesFiltering - Copying 0 resource from src\main\resources to target\classes
2024-02-14 07:27:10,363 [Worker-33: Building] INFO  o.a.m.s.f.DefaultMavenResourcesFiltering - skip non existing resourceDirectory E:\coding\java\workspace_spring_plural\tickets\src\test\resources
2024-02-14 18:30:33,592 [Worker-64: Building] INFO  o.a.m.s.f.DefaultMavenResourcesFiltering - Copying 1 resource from src\main\resources to target\classes
2024-02-14 18:30:33,606 [Worker-64: Building] INFO  o.a.m.s.f.DefaultMavenResourcesFiltering - Copying 0 resource from src\main\resources to target\classes
2024-02-14 18:30:33,608 [Worker-64: Building] INFO  o.a.m.s.f.DefaultMavenResourcesFiltering - skip non existing resourceDirectory E:\coding\java\workspace_spring_plural\tickets\src\test\resources
2024-02-19 22:40:18,580 [Worker-7: Loading available Gradle versions] INFO  o.e.b.c.i.u.g.PublishedGradleVersions - Gradle version information cache is out-of-date. Trying to update.
